0 verbose cli /usr/local/bin/node /usr/local/bin/npm
1 info using npm@9.6.7
2 info using node@v18.17.1
3 timing npm:load:whichnode Completed in 1ms
4 timing config:load:defaults Completed in 1ms
5 timing config:load:file:/usr/local/lib/node_modules/npm/npmrc Completed in 0ms
6 timing config:load:builtin Completed in 1ms
7 timing config:load:cli Completed in 1ms
8 timing config:load:env Completed in 0ms
9 timing config:load:file:/Users/camis/Desktop/u06-fullstack-recipe-app-Camgus89/.npmrc Completed in 0ms
10 timing config:load:project Completed in 1ms
11 timing config:load:file:/Users/camis/.npmrc Completed in 3ms
12 timing config:load:user Completed in 3ms
13 timing config:load:file:/usr/local/etc/npmrc Completed in 0ms
14 timing config:load:global Completed in 0ms
15 timing config:load:setEnvs Completed in 1ms
16 timing config:load Completed in 9ms
17 timing npm:load:configload Completed in 9ms
18 timing npm:load:mkdirpcache Completed in 0ms
19 timing npm:load:mkdirplogs Completed in 0ms
20 verbose title npm run build
21 verbose argv "run" "build"
22 timing npm:load:setTitle Completed in 16ms
23 timing config:load:flatten Completed in 2ms
24 timing npm:load:display Completed in 3ms
25 verbose logfile logs-max:10 dir:/Users/camis/Desktop/u06-fullstack-recipe-app-Camgus89/"/Users/camis/.npm/_logs/2023-08-31T12_46_04_359Z-
26 verbose logfile /Users/camis/Desktop/u06-fullstack-recipe-app-Camgus89/"/Users/camis/.npm/_logs/2023-08-31T12_46_04_359Z-debug-0.log
27 timing npm:load:logFile Completed in 7ms
28 timing npm:load:timers Completed in 0ms
29 timing npm:load:configScope Completed in 0ms
30 timing npm:load Completed in 36ms
31 timing command:run Completed in 176ms
32 verbose stack Error: ENOENT: no such file or directory, open '/Users/camis/Desktop/u06-fullstack-recipe-app-Camgus89/package.json'
33 verbose cwd /Users/camis/Desktop/u06-fullstack-recipe-app-Camgus89
34 verbose Darwin 22.6.0
35 verbose node v18.17.1
36 verbose npm  v9.6.7
37 error code ENOENT
38 error syscall open
39 error path /Users/camis/Desktop/u06-fullstack-recipe-app-Camgus89/package.json
40 error errno -2
41 error enoent ENOENT: no such file or directory, open '/Users/camis/Desktop/u06-fullstack-recipe-app-Camgus89/package.json'
42 error enoent This is related to npm not being able to find a file.
42 error enoent
43 verbose exit -2
44 timing npm Completed in 244ms
45 verbose code -2
46 error A complete log of this run can be found in: /Users/camis/Desktop/u06-fullstack-recipe-app-Camgus89/"/Users/camis/.npm/_logs/2023-08-31T12_46_04_359Z-debug-0.log
