0 verbose cli /usr/local/bin/node /usr/local/bin/npm
1 info using npm@9.6.7
2 info using node@v18.17.1
3 timing npm:load:whichnode Completed in 1ms
4 timing config:load:defaults Completed in 1ms
5 timing config:load:file:/usr/local/lib/node_modules/npm/npmrc Completed in 0ms
6 timing config:load:builtin Completed in 1ms
7 timing config:load:cli Completed in 1ms
8 timing config:load:env Completed in 0ms
9 timing config:load:file:/Users/camis/Desktop/u06-fullstack-recipe-app-Camgus89/angular/.npmrc Completed in 0ms
10 timing config:load:project Completed in 1ms
11 timing config:load:file:/Users/camis/.npmrc Completed in 1ms
12 timing config:load:user Completed in 1ms
13 timing config:load:file:/usr/local/etc/npmrc Completed in 1ms
14 timing config:load:global Completed in 1ms
15 timing config:load:setEnvs Completed in 0ms
16 timing config:load Completed in 6ms
17 timing npm:load:configload Completed in 6ms
18 timing npm:load:mkdirpcache Completed in 0ms
19 timing npm:load:mkdirplogs Completed in 0ms
20 verbose title npm install
21 verbose argv "install"
22 timing npm:load:setTitle Completed in 16ms
23 timing config:load:flatten Completed in 3ms
24 timing npm:load:display Completed in 3ms
25 verbose logfile logs-max:10 dir:/Users/camis/Desktop/u06-fullstack-recipe-app-Camgus89/angular/"/Users/camis/.npm/_logs/2023-09-05T09_19_42_998Z-
26 verbose logfile /Users/camis/Desktop/u06-fullstack-recipe-app-Camgus89/angular/"/Users/camis/.npm/_logs/2023-09-05T09_19_42_998Z-debug-0.log
27 timing npm:load:logFile Completed in 8ms
28 timing npm:load:timers Completed in 0ms
29 timing npm:load:configScope Completed in 0ms
30 timing npm:load Completed in 35ms
31 timing arborist:ctor Completed in 0ms
32 timing idealTree:init Completed in 365ms
33 timing idealTree:userRequests Completed in 0ms
34 silly idealTree buildDeps
35 timing idealTree:#root Completed in 0ms
36 timing idealTree:buildDeps Completed in 1ms
37 timing idealTree:fixDepFlags Completed in 0ms
38 timing idealTree Completed in 374ms
39 silly logfile done cleaning log files
40 verbose shrinkwrap failed to load node_modules/.package-lock.json out of date, updated: node_modules
41 timing reify:loadTrees Completed in 669ms
42 timing reify:diffTrees Completed in 10ms
43 silly reify mark retired [
43 silly reify   '/Users/camis/Desktop/u06-fullstack-recipe-app-Camgus89/angular/node_modules/__ngcc_entry_points__.json'
43 silly reify ]
44 silly reify moves {
44 silly reify   '/Users/camis/Desktop/u06-fullstack-recipe-app-Camgus89/angular/node_modules/__ngcc_entry_points__.json': '/Users/camis/Desktop/u06-fullstack-recipe-app-Camgus89/angular/node_modules/.__ngcc_entry_points__.json-VOK9Hzwz'
44 silly reify }
45 timing reify:retireShallow Completed in 4ms
46 timing reify:createSparse Completed in 2ms
47 timing reify:loadBundles Completed in 0ms
48 silly audit bulk request {
48 silly audit   '@ampproject/remapping': [ '2.2.0' ],
48 silly audit   '@angular-devkit/architect': [ '0.1502.4' ],
48 silly audit   rxjs: [ '6.6.7', '7.8.0' ],
48 silly audit   tslib: [ '1.14.1', '2.5.0' ],
48 silly audit   '@angular-devkit/build-angular': [ '15.2.4' ],
48 silly audit   '@angular-devkit/build-webpack': [ '0.1502.4' ],
48 silly audit   '@angular-devkit/core': [ '15.2.4' ],
48 silly audit   '@angular-devkit/schematics': [ '15.2.4' ],
48 silly audit   '@angular/animations': [ '15.2.5' ],
48 silly audit   '@angular/cli': [ '15.2.4' ],
48 silly audit   '@angular/common': [ '15.2.5' ],
48 silly audit   '@angular/compiler': [ '15.2.5' ],
48 silly audit   '@angular/compiler-cli': [ '15.2.5' ],
48 silly audit   '@babel/core': [ '7.19.3', '7.20.12' ],
48 silly audit   semver: [ '6.3.0', '5.7.1', '7.3.8' ],
48 silly audit   'magic-string': [ '0.27.0', '0.29.0' ],
48 silly audit   '@angular/core': [ '15.2.5' ],
48 silly audit   '@angular/forms': [ '15.2.5' ],
48 silly audit   '@angular/platform-browser': [ '15.2.5' ],
48 silly audit   '@angular/platform-browser-dynamic': [ '15.2.5' ],
48 silly audit   '@angular/router': [ '15.2.5' ],
48 silly audit   '@assemblyscript/loader': [ '0.10.1' ],
48 silly audit   '@babel/code-frame': [ '7.18.6' ],
48 silly audit   '@babel/compat-data': [ '7.21.0' ],
48 silly audit   '@babel/generator': [ '7.20.14', '7.21.3' ],
48 silly audit   '@jridgewell/gen-mapping': [ '0.3.2', '0.1.1' ],
48 silly audit   '@babel/helper-annotate-as-pure': [ '7.18.6' ],
48 silly audit   '@babel/helper-builder-binary-assignment-operator-visitor': [ '7.18.9' ],
48 silly audit   '@babel/helper-compilation-targets': [ '7.20.7' ],
48 silly audit   '@babel/helper-create-class-features-plugin': [ '7.21.0' ],
48 silly audit   '@babel/helper-create-regexp-features-plugin': [ '7.21.0' ],
48 silly audit   '@babel/helper-define-polyfill-provider': [ '0.3.3' ],
48 silly audit   '@babel/helper-environment-visitor': [ '7.18.9' ],
48 silly audit   '@babel/helper-explode-assignable-expression': [ '7.18.6' ],
48 silly audit   '@babel/helper-function-name': [ '7.21.0' ],
48 silly audit   '@babel/helper-hoist-variables': [ '7.18.6' ],
48 silly audit   '@babel/helper-member-expression-to-functions': [ '7.21.0' ],
48 silly audit   '@babel/helper-module-imports': [ '7.18.6' ],
48 silly audit   '@babel/helper-module-transforms': [ '7.21.2' ],
48 silly audit   '@babel/helper-optimise-call-expression': [ '7.18.6' ],
48 silly audit   '@babel/helper-plugin-utils': [ '7.20.2' ],
48 silly audit   '@babel/helper-remap-async-to-generator': [ '7.18.9' ],
48 silly audit   '@babel/helper-replace-supers': [ '7.20.7' ],
48 silly audit   '@babel/helper-simple-access': [ '7.20.2' ],
48 silly audit   '@babel/helper-skip-transparent-expression-wrappers': [ '7.20.0' ],
48 silly audit   '@babel/helper-split-export-declaration': [ '7.18.6' ],
48 silly audit   '@babel/helper-string-parser': [ '7.19.4' ],
48 silly audit   '@babel/helper-validator-identifier': [ '7.19.1' ],
48 silly audit   '@babel/helper-validator-option': [ '7.21.0' ],
48 silly audit   '@babel/helper-wrap-function': [ '7.20.5' ],
48 silly audit   '@babel/helpers': [ '7.21.0' ],
48 silly audit   '@babel/highlight': [ '7.18.6' ],
48 silly audit   '@babel/parser': [ '7.21.3' ],
48 silly audit   '@babel/plugin-bugfix-safari-id-destructuring-collision-in-function-expression': [ '7.18.6' ],
48 silly audit   '@babel/plugin-bugfix-v8-spread-parameters-in-optional-chaining': [ '7.20.7' ],
48 silly audit   '@babel/plugin-proposal-async-generator-functions': [ '7.20.7' ],
48 silly audit   '@babel/plugin-proposal-class-properties': [ '7.18.6' ],
48 silly audit   '@babel/plugin-proposal-class-static-block': [ '7.21.0' ],
48 silly audit   '@babel/plugin-proposal-dynamic-import': [ '7.18.6' ],
48 silly audit   '@babel/plugin-proposal-export-namespace-from': [ '7.18.9' ],
48 silly audit   '@babel/plugin-proposal-json-strings': [ '7.18.6' ],
48 silly audit   '@babel/plugin-proposal-logical-assignment-operators': [ '7.20.7' ],
48 silly audit   '@babel/plugin-proposal-nullish-coalescing-operator': [ '7.18.6' ],
48 silly audit   '@babel/plugin-proposal-numeric-separator': [ '7.18.6' ],
48 silly audit   '@babel/plugin-proposal-object-rest-spread': [ '7.20.7' ],
48 silly audit   '@babel/plugin-proposal-optional-catch-binding': [ '7.18.6' ],
48 silly audit   '@babel/plugin-proposal-optional-chaining': [ '7.21.0' ],
48 silly audit   '@babel/plugin-proposal-private-methods': [ '7.18.6' ],
48 silly audit   '@babel/plugin-proposal-private-property-in-object': [ '7.21.0' ],
48 silly audit   '@babel/plugin-proposal-unicode-property-regex': [ '7.18.6' ],
48 silly audit   '@babel/plugin-syntax-async-generators': [ '7.8.4' ],
48 silly audit   '@babel/plugin-syntax-class-properties': [ '7.12.13' ],
48 silly audit   '@babel/plugin-syntax-class-static-block': [ '7.14.5' ],
48 silly audit   '@babel/plugin-syntax-dynamic-import': [ '7.8.3' ],
48 silly audit   '@babel/plugin-syntax-export-namespace-from': [ '7.8.3' ],
48 silly audit   '@babel/plugin-syntax-import-assertions': [ '7.20.0' ],
48 silly audit   '@babel/plugin-syntax-json-strings': [ '7.8.3' ],
48 silly audit   '@babel/plugin-syntax-logical-assignment-operators': [ '7.10.4' ],
48 silly audit   '@babel/plugin-syntax-nullish-coalescing-operator': [ '7.8.3' ],
48 silly audit   '@babel/plugin-syntax-numeric-separator': [ '7.10.4' ],
48 silly audit   '@babel/plugin-syntax-object-rest-spread': [ '7.8.3' ],
48 silly audit   '@babel/plugin-syntax-optional-catch-binding': [ '7.8.3' ],
48 silly audit   '@babel/plugin-syntax-optional-chaining': [ '7.8.3' ],
48 silly audit   '@babel/plugin-syntax-private-property-in-object': [ '7.14.5' ],
48 silly audit   '@babel/plugin-syntax-top-level-await': [ '7.14.5' ],
48 silly audit   '@babel/plugin-transform-arrow-functions': [ '7.20.7' ],
48 silly audit   '@babel/plugin-transform-async-to-generator': [ '7.20.7' ],
48 silly audit   '@babel/plugin-transform-block-scoped-functions': [ '7.18.6' ],
48 silly audit   '@babel/plugin-transform-block-scoping': [ '7.21.0' ],
48 silly audit   '@babel/plugin-transform-classes': [ '7.21.0' ],
48 silly audit   '@babel/plugin-transform-computed-properties': [ '7.20.7' ],
48 silly audit   '@babel/plugin-transform-destructuring': [ '7.21.3' ],
48 silly audit   '@babel/plugin-transform-dotall-regex': [ '7.18.6' ],
48 silly audit   '@babel/plugin-transform-duplicate-keys': [ '7.18.9' ],
48 silly audit   '@babel/plugin-transform-exponentiation-operator': [ '7.18.6' ],
48 silly audit   '@babel/plugin-transform-for-of': [ '7.21.0' ],
48 silly audit   '@babel/plugin-transform-function-name': [ '7.18.9' ],
48 silly audit   '@babel/plugin-transform-literals': [ '7.18.9' ],
48 silly audit   '@babel/plugin-transform-member-expression-literals': [ '7.18.6' ],
48 silly audit   '@babel/plugin-transform-modules-amd': [ '7.20.11' ],
48 silly audit   '@babel/plugin-transform-modules-commonjs': [ '7.21.2' ],
48 silly audit   '@babel/plugin-transform-modules-systemjs': [ '7.20.11' ],
48 silly audit   '@babel/plugin-transform-modules-umd': [ '7.18.6' ],
48 silly audit   '@babel/plugin-transform-named-capturing-groups-regex': [ '7.20.5' ],
48 silly audit   '@babel/plugin-transform-new-target': [ '7.18.6' ],
48 silly audit   '@babel/plugin-transform-object-super': [ '7.18.6' ],
48 silly audit   '@babel/plugin-transform-parameters': [ '7.21.3' ],
48 silly audit   '@babel/plugin-transform-property-literals': [ '7.18.6' ],
48 silly audit   '@babel/plugin-transform-regenerator': [ '7.20.5' ],
48 silly audit   '@babel/plugin-transform-reserved-words': [ '7.18.6' ],
48 silly audit   '@babel/plugin-transform-runtime': [ '7.19.6' ],
48 silly audit   '@babel/plugin-transform-shorthand-properties': [ '7.18.6' ],
48 silly audit   '@babel/plugin-transform-spread': [ '7.20.7' ],
48 silly audit   '@babel/plugin-transform-sticky-regex': [ '7.18.6' ],
48 silly audit   '@babel/plugin-transform-template-literals': [ '7.18.9' ],
48 silly audit   '@babel/plugin-transform-typeof-symbol': [ '7.18.9' ],
48 silly audit   '@babel/plugin-transform-unicode-escapes': [ '7.18.10' ],
48 silly audit   '@babel/plugin-transform-unicode-regex': [ '7.18.6' ],
48 silly audit   '@babel/preset-env': [ '7.20.2' ],
48 silly audit   '@babel/preset-modules': [ '0.1.5' ],
48 silly audit   '@babel/regjsgen': [ '0.8.0' ],
48 silly audit   '@babel/runtime': [ '7.20.13' ],
48 silly audit   '@babel/template': [ '7.20.7' ],
48 silly audit   '@babel/traverse': [ '7.21.3' ],
48 silly audit   '@babel/types': [ '7.21.3' ],
48 silly audit   '@colors/colors': [ '1.5.0' ],
48 silly audit   '@discoveryjs/json-ext': [ '0.5.7' ],
48 silly audit   '@esbuild/android-arm': [ '0.17.8' ],
48 silly audit   '@esbuild/android-arm64': [ '0.17.8' ],
48 silly audit   '@esbuild/android-x64': [ '0.17.8' ],
48 silly audit   '@esbuild/darwin-arm64': [ '0.17.8' ],
48 silly audit   '@esbuild/darwin-x64': [ '0.17.8' ],
48 silly audit   '@esbuild/freebsd-arm64': [ '0.17.8' ],
48 silly audit   '@esbuild/freebsd-x64': [ '0.17.8' ],
48 silly audit   '@esbuild/linux-arm': [ '0.17.8' ],
48 silly audit   '@esbuild/linux-arm64': [ '0.17.8' ],
48 silly audit   '@esbuild/linux-ia32': [ '0.17.8' ],
48 silly audit   '@esbuild/linux-loong64': [ '0.17.8' ],
48 silly audit   '@esbuild/linux-mips64el': [ '0.17.8' ],
48 silly audit   '@esbuild/linux-ppc64': [ '0.17.8' ],
48 silly audit   '@esbuild/linux-riscv64': [ '0.17.8' ],
48 silly audit   '@esbuild/linux-s390x': [ '0.17.8' ],
48 silly audit   '@esbuild/linux-x64': [ '0.17.8' ],
48 silly audit   '@esbuild/netbsd-x64': [ '0.17.8' ],
48 silly audit   '@esbuild/openbsd-x64': [ '0.17.8' ],
48 silly audit   '@esbuild/sunos-x64': [ '0.17.8' ],
48 silly audit   '@esbuild/win32-arm64': [ '0.17.8' ],
48 silly audit   '@esbuild/win32-ia32': [ '0.17.8' ],
48 silly audit   '@esbuild/win32-x64': [ '0.17.8' ],
48 silly audit   '@gar/promisify': [ '1.1.3' ],
48 silly audit   '@istanbuljs/load-nyc-config': [ '1.1.0' ],
48 silly audit   '@istanbuljs/schema': [ '0.1.3' ],
48 silly audit   '@jridgewell/resolve-uri': [ '3.1.0' ],
48 silly audit   '@jridgewell/set-array': [ '1.1.2' ],
48 silly audit   '@jridgewell/source-map': [ '0.3.2' ],
48 silly audit   '@jridgewell/sourcemap-codec': [ '1.4.14' ],
48 silly audit   '@jridgewell/trace-mapping': [ '0.3.17' ],
48 silly audit   '@leichtgewicht/ip-codec': [ '2.0.4' ],
48 silly audit   '@ngtools/webpack': [ '15.2.4' ],
48 silly audit   '@nodelib/fs.scandir': [ '2.1.5' ],
48 silly audit   '@nodelib/fs.stat': [ '2.0.5' ],
48 silly audit   '@nodelib/fs.walk': [ '1.2.8' ],
48 silly audit   '@npmcli/fs': [ '3.1.0', '2.1.2' ],
48 silly audit   '@npmcli/git': [ '4.0.4' ],
48 silly audit   'lru-cache': [ '7.18.3', '5.1.1', '6.0.0' ],
48 silly audit   which: [ '3.0.0', '2.0.2', '1.3.1' ],
48 silly audit   '@npmcli/installed-package-contents': [ '2.0.2' ],
48 silly audit   '@npmcli/move-file': [ '2.0.1' ],
48 silly audit   mkdirp: [ '1.0.4', '0.5.6' ],
48 silly audit   '@npmcli/node-gyp': [ '3.0.0' ],
48 silly audit   '@npmcli/promise-spawn': [ '6.0.2' ],
48 silly audit   '@npmcli/run-script': [ '6.0.0' ],
48 silly audit   '@schematics/angular': [ '15.2.4' ],
48 silly audit   '@sigstore/protobuf-specs': [ '0.1.0' ],
48 silly audit   '@socket.io/component-emitter': [ '3.1.0' ],
48 silly audit   '@tootallnate/once': [ '2.0.0' ],
48 silly audit   '@tufjs/models': [ '1.0.1' ],
48 silly audit   minimatch: [ '7.4.3', '3.1.2', '5.1.6' ],
48 silly audit   '@types/body-parser': [ '1.19.2' ],
48 silly audit   '@types/bonjour': [ '3.5.10' ],
48 silly audit   '@types/connect': [ '3.4.35' ],
48 silly audit   '@types/connect-history-api-fallback': [ '1.3.5' ],
48 silly audit   '@types/cookie': [ '0.4.1' ],
48 silly audit   '@types/cors': [ '2.8.13' ],
48 silly audit   '@types/eslint': [ '8.37.0' ],
48 silly audit   '@types/eslint-scope': [ '3.7.4' ],
48 silly audit   '@types/estree': [ '0.0.51' ],
48 silly audit   '@types/express': [ '4.17.17' ],
48 silly audit   '@types/express-serve-static-core': [ '4.17.33' ],
48 silly audit   '@types/http-proxy': [ '1.17.10' ],
48 silly audit   '@types/jasmine': [ '4.3.1' ],
48 silly audit   '@types/json-schema': [ '7.0.11' ],
48 silly audit   '@types/mime': [ '3.0.1' ],
48 silly audit   '@types/node': [ '18.15.11' ],
48 silly audit   '@types/parse-json': [ '4.0.0' ],
48 silly audit   '@types/qs': [ '6.9.7' ],
48 silly audit   '@types/range-parser': [ '1.2.4' ],
48 silly audit   '@types/retry': [ '0.12.0' ],
48 silly audit   '@types/serve-index': [ '1.9.1' ],
48 silly audit   '@types/serve-static': [ '1.15.1' ],
48 silly audit   '@types/sockjs': [ '0.3.33' ],
48 silly audit   '@types/ws': [ '8.5.4' ],
48 silly audit   '@webassemblyjs/ast': [ '1.11.1' ],
48 silly audit   '@webassemblyjs/floating-point-hex-parser': [ '1.11.1' ],
48 silly audit   '@webassemblyjs/helper-api-error': [ '1.11.1' ],
48 silly audit   '@webassemblyjs/helper-buffer': [ '1.11.1' ],
48 silly audit   '@webassemblyjs/helper-numbers': [ '1.11.1' ],
48 silly audit   '@webassemblyjs/helper-wasm-bytecode': [ '1.11.1' ],
48 silly audit   '@webassemblyjs/helper-wasm-section': [ '1.11.1' ],
48 silly audit   '@webassemblyjs/ieee754': [ '1.11.1' ],
48 silly audit   '@webassemblyjs/leb128': [ '1.11.1' ],
48 silly audit   '@webassemblyjs/utf8': [ '1.11.1' ],
48 silly audit   '@webassemblyjs/wasm-edit': [ '1.11.1' ],
48 silly audit   '@webassemblyjs/wasm-gen': [ '1.11.1' ],
48 silly audit   '@webassemblyjs/wasm-opt': [ '1.11.1' ],
48 silly audit   '@webassemblyjs/wasm-parser': [ '1.11.1' ],
48 silly audit   '@webassemblyjs/wast-printer': [ '1.11.1' ],
48 silly audit   '@xtuc/ieee754': [ '1.2.0' ],
48 silly audit   '@xtuc/long': [ '4.2.2' ],
48 silly audit   '@yarnpkg/lockfile': [ '1.1.0' ],
48 silly audit   abab: [ '2.0.6' ],
48 silly audit   abbrev: [ '1.1.1' ],
48 silly audit   accepts: [ '1.3.8' ],
48 silly audit   acorn: [ '8.8.2' ],
48 silly audit   'acorn-import-assertions': [ '1.8.0' ],
48 silly audit   'adjust-sourcemap-loader': [ '4.0.0' ],
48 silly audit   'loader-utils': [ '2.0.4', '3.2.1' ],
48 silly audit   'agent-base': [ '6.0.2' ],
48 silly audit   agentkeepalive: [ '4.3.0' ],
48 silly audit   'aggregate-error': [ '3.1.0' ],
48 silly audit   ajv: [ '8.12.0', '6.12.6' ],
48 silly audit   'ajv-formats': [ '2.1.1' ],
48 silly audit   'ajv-keywords': [ '5.1.0', '3.5.2' ],
48 silly audit   'ansi-colors': [ '4.1.3' ],
48 silly audit   'ansi-escapes': [ '4.3.2' ],
48 silly audit   'ansi-html-community': [ '0.0.8' ],
48 silly audit   'ansi-regex': [ '5.0.1' ],
48 silly audit   'ansi-styles': [ '3.2.1', '4.3.0' ],
48 silly audit   anymatch: [ '3.1.3' ],
48 silly audit   aproba: [ '2.0.0' ],
48 silly audit   'are-we-there-yet': [ '3.0.1' ],
48 silly audit   argparse: [ '1.0.10' ],
48 silly audit   'array-flatten': [ '2.1.2', '1.1.1' ],
48 silly audit   autoprefixer: [ '10.4.13' ],
48 silly audit   'babel-loader': [ '9.1.2' ],
48 silly audit   'babel-plugin-istanbul': [ '6.1.1' ],
48 silly audit   'babel-plugin-polyfill-corejs2': [ '0.3.3' ],
48 silly audit   'babel-plugin-polyfill-corejs3': [ '0.6.0' ],
48 silly audit   'babel-plugin-polyfill-regenerator': [ '0.4.1' ],
48 silly audit   'balanced-match': [ '1.0.2' ],
48 silly audit   'base64-js': [ '1.5.1' ],
48 silly audit   base64id: [ '2.0.0' ],
48 silly audit   batch: [ '0.6.1' ],
48 silly audit   'big.js': [ '5.2.2' ],
48 silly audit   'binary-extensions': [ '2.2.0' ],
48 silly audit   bl: [ '4.1.0' ],
48 silly audit   'body-parser': [ '1.20.2', '1.20.1' ],
48 silly audit   debug: [ '2.6.9', '4.3.4', '3.2.7' ],
48 silly audit   ms: [ '2.0.0', '2.1.2', '2.1.3' ],
48 silly audit   'bonjour-service': [ '1.1.1' ],
48 silly audit   boolbase: [ '1.0.0' ],
48 silly audit   'brace-expansion': [ '2.0.1', '1.1.11' ],
48 silly audit   braces: [ '3.0.2' ],
48 silly audit   browserslist: [ '4.21.5' ],
48 silly audit   buffer: [ '5.7.1' ],
48 silly audit   'buffer-from': [ '1.1.2' ],
48 silly audit   builtins: [ '5.0.1' ],
48 silly audit   bytes: [ '3.1.2', '3.0.0' ],
48 silly audit   cacache: [ '17.0.4', '16.1.3' ],
48 silly audit   'call-bind': [ '1.0.2' ],
48 silly audit   callsites: [ '3.1.0' ],
48 silly audit   camelcase: [ '5.3.1' ],
48 silly audit   'caniuse-lite': [ '1.0.30001473' ],
48 silly audit   chalk: [ '2.4.2', '4.1.2' ],
48 silly audit   chardet: [ '0.7.0' ],
48 silly audit   chokidar: [ '3.5.3' ],
48 silly audit   chownr: [ '2.0.0' ],
48 silly audit   'chrome-trace-event': [ '1.0.3' ],
48 silly audit   'clean-stack': [ '2.2.0' ],
48 silly audit   'cli-cursor': [ '3.1.0' ],
48 silly audit   'cli-spinners': [ '2.7.0' ],
48 silly audit   'cli-width': [ '3.0.0' ],
48 silly audit   cliui: [ '8.0.1', '7.0.4' ],
48 silly audit   clone: [ '1.0.4' ],
48 silly audit   'clone-deep': [ '4.0.1' ],
48 silly audit   'color-convert': [ '1.9.3', '2.0.1' ],
48 silly audit   'color-name': [ '1.1.3', '1.1.4' ],
48 silly audit   'color-support': [ '1.1.3' ],
48 silly audit   colorette: [ '2.0.19' ],
48 silly audit   commander: [ '2.20.3' ],
48 silly audit   commondir: [ '1.0.1' ],
48 silly audit   compressible: [ '2.0.18' ],
48 silly audit   compression: [ '1.7.4' ],
48 silly audit   'safe-buffer': [ '5.1.2', '5.2.1' ],
48 silly audit   'concat-map': [ '0.0.1' ],
48 silly audit   connect: [ '3.7.0' ],
48 silly audit   'connect-history-api-fallback': [ '2.0.0' ],
48 silly audit   'console-control-strings': [ '1.1.0' ],
48 silly audit   'content-disposition': [ '0.5.4' ],
48 silly audit   'content-type': [ '1.0.5' ],
48 silly audit   'convert-source-map': [ '1.9.0' ],
48 silly audit   cookie: [ '0.4.2', '0.5.0' ],
48 silly audit   'cookie-signature': [ '1.0.6' ],
48 silly audit   'copy-anything': [ '2.0.6' ],
48 silly audit   'copy-webpack-plugin': [ '11.0.0' ],
48 silly audit   'glob-parent': [ '6.0.2', '5.1.2' ],
48 silly audit   'core-js-compat': [ '3.29.1' ],
48 silly audit   'core-util-is': [ '1.0.3' ],
48 silly audit   cors: [ '2.8.5' ],
48 silly audit   cosmiconfig: [ '7.1.0' ],
48 silly audit   critters: [ '0.0.16' ],
48 silly audit   'has-flag': [ '4.0.0', '3.0.0' ],
48 silly audit   'supports-color': [ '7.2.0', '8.1.1', '5.5.0' ],
48 silly audit   'cross-spawn': [ '7.0.3' ],
48 silly audit   'css-loader': [ '6.7.3' ],
48 silly audit   'css-select': [ '4.3.0' ],
48 silly audit   'css-what': [ '6.1.0' ],
48 silly audit   cssesc: [ '3.0.0' ],
48 silly audit   'custom-event': [ '1.0.1' ],
48 silly audit   'date-format': [ '4.0.14' ],
48 silly audit   'default-gateway': [ '6.0.3' ],
48 silly audit   defaults: [ '1.0.4' ],
48 silly audit   'define-lazy-prop': [ '2.0.0' ],
48 silly audit   delegates: [ '1.0.0' ],
48 silly audit   depd: [ '2.0.0', '1.1.2' ],
48 silly audit   'dependency-graph': [ '0.11.0' ],
48 silly audit   destroy: [ '1.2.0' ],
48 silly audit   'detect-node': [ '2.1.0' ],
48 silly audit   di: [ '0.0.1' ],
48 silly audit   'dir-glob': [ '3.0.1' ],
48 silly audit   'dns-equal': [ '1.0.0' ],
48 silly audit   'dns-packet': [ '5.5.0' ],
48 silly audit   'dom-serialize': [ '2.2.1' ],
48 silly audit   'dom-serializer': [ '1.4.1' ],
48 silly audit   domelementtype: [ '2.3.0' ],
48 silly audit   domhandler: [ '4.3.1' ],
48 silly audit   domutils: [ '2.8.0' ],
48 silly audit   'ee-first': [ '1.1.1' ],
48 silly audit   'electron-to-chromium': [ '1.4.345' ],
48 silly audit   'emoji-regex': [ '8.0.0' ],
48 silly audit   'emojis-list': [ '3.0.0' ],
48 silly audit   encodeurl: [ '1.0.2' ],
48 silly audit   encoding: [ '0.1.13' ],
48 silly audit   'iconv-lite': [ '0.6.3', '0.4.24' ],
48 silly audit   'engine.io': [ '6.4.1' ],
48 silly audit   'engine.io-parser': [ '5.0.6' ],
48 silly audit   'enhanced-resolve': [ '5.12.0' ],
48 silly audit   ent: [ '2.2.0' ],
48 silly audit   entities: [ '2.2.0', '4.4.0' ],
48 silly audit   'env-paths': [ '2.2.1' ],
48 silly audit   'err-code': [ '2.0.3' ],
48 silly audit   errno: [ '0.1.8' ],
48 silly audit   'error-ex': [ '1.3.2' ],
48 silly audit   'es-module-lexer': [ '0.9.3' ],
48 silly audit   esbuild: [ '0.17.8' ],
48 silly audit   'esbuild-wasm': [ '0.17.8' ],
48 silly audit   escalade: [ '3.1.1' ],
48 silly audit   'escape-html': [ '1.0.3' ],
48 silly audit   'escape-string-regexp': [ '1.0.5' ],
48 silly audit   'eslint-scope': [ '5.1.1' ],
48 silly audit   esprima: [ '4.0.1' ],
48 silly audit   esrecurse: [ '4.3.0' ],
48 silly audit   estraverse: [ '5.3.0', '4.3.0' ],
48 silly audit   esutils: [ '2.0.3' ],
48 silly audit   etag: [ '1.8.1' ],
48 silly audit   'eventemitter-asyncresource': [ '1.0.0' ],
48 silly audit   eventemitter3: [ '4.0.7' ],
48 silly audit   events: [ '3.3.0' ],
48 silly audit   execa: [ '5.1.1' ],
48 silly audit   express: [ '4.18.2' ],
48 silly audit   finalhandler: [ '1.2.0', '1.1.2' ],
48 silly audit   'raw-body': [ '2.5.1', '2.5.2' ],
48 silly audit   statuses: [ '2.0.1', '1.5.0' ],
48 silly audit   extend: [ '3.0.2' ],
48 silly audit   'external-editor': [ '3.1.0' ],
48 silly audit   'fast-deep-equal': [ '3.1.3' ],
48 silly audit   'fast-glob': [ '3.2.12' ],
48 silly audit   'fast-json-stable-stringify': [ '2.1.0' ],
48 silly audit   fastq: [ '1.15.0' ],
48 silly audit   'faye-websocket': [ '0.11.4' ],
48 silly audit   figures: [ '3.2.0' ],
48 silly audit   'fill-range': [ '7.0.1' ],
48 silly audit   'on-finished': [ '2.3.0', '2.4.1' ],
48 silly audit   'find-cache-dir': [ '3.3.2' ],
48 silly audit   'find-up': [ '4.1.0' ],
48 silly audit   flatted: [ '3.2.7' ],
48 silly audit   'follow-redirects': [ '1.15.2' ],
48 silly audit   forwarded: [ '0.2.0' ],
48 silly audit   'fraction.js': [ '4.2.0' ],
48 silly audit   fresh: [ '0.5.2' ],
48 silly audit   'fs-extra': [ '8.1.0' ],
48 silly audit   'fs-minipass': [ '3.0.1', '2.1.0' ],
48 silly audit   'fs-monkey': [ '1.0.3' ],
48 silly audit   'fs.realpath': [ '1.0.0' ],
48 silly audit   fsevents: [ '2.3.2' ],
48 silly audit   'function-bind': [ '1.1.1' ],
48 silly audit   gauge: [ '4.0.4' ],
48 silly audit   gensync: [ '1.0.0-beta.2' ],
48 silly audit   'get-caller-file': [ '2.0.5' ],
48 silly audit   'get-intrinsic': [ '1.2.0' ],
48 silly audit   'get-package-type': [ '0.1.0' ],
48 silly audit   'get-stream': [ '6.0.1' ],
48 silly audit   glob: [ '8.1.0', '7.2.3', '9.3.2' ],
48 silly audit   'glob-to-regexp': [ '0.4.1' ],
48 silly audit   globals: [ '11.12.0' ],
48 silly audit   globby: [ '13.1.3' ],
48 silly audit   'graceful-fs': [ '4.2.11' ],
48 silly audit   'handle-thing': [ '2.0.1' ],
48 silly audit   has: [ '1.0.3' ],
48 silly audit   'has-symbols': [ '1.0.3' ],
48 silly audit   'has-unicode': [ '2.0.1' ],
48 silly audit   'hdr-histogram-js': [ '2.0.3' ],
48 silly audit   'hdr-histogram-percentiles-obj': [ '3.0.0' ],
48 silly audit   'hosted-git-info': [ '6.1.1' ],
48 silly audit   'hpack.js': [ '2.1.6' ],
48 silly audit   'readable-stream': [ '2.3.8', '3.6.2' ],
48 silly audit   string_decoder: [ '1.1.1', '1.3.0' ],
48 silly audit   'html-entities': [ '2.3.3' ],
48 silly audit   'html-escaper': [ '2.0.2' ],
48 silly audit   'http-cache-semantics': [ '4.1.1' ],
48 silly audit   'http-deceiver': [ '1.2.7' ],
48 silly audit   'http-errors': [ '2.0.0', '1.6.3' ],
48 silly audit   'http-parser-js': [ '0.5.8' ],
48 silly audit   'http-proxy': [ '1.18.1' ],
48 silly audit   'http-proxy-agent': [ '5.0.0' ],
48 silly audit   'http-proxy-middleware': [ '2.0.6' ],
48 silly audit   'https-proxy-agent': [ '5.0.1' ],
48 silly audit   'human-signals': [ '2.1.0' ],
48 silly audit   'humanize-ms': [ '1.2.1' ],
48 silly audit   'icss-utils': [ '5.1.0' ],
48 silly audit   ieee754: [ '1.2.1' ],
48 silly audit   ignore: [ '5.2.4' ],
48 silly audit   'ignore-walk': [ '6.0.2' ],
48 silly audit   'image-size': [ '0.5.5' ],
48 silly audit   immutable: [ '4.3.0' ],
48 silly audit   'import-fresh': [ '3.3.0' ],
48 silly audit   'resolve-from': [ '4.0.0', '5.0.0' ],
48 silly audit   imurmurhash: [ '0.1.4' ],
48 silly audit   'indent-string': [ '4.0.0' ],
48 silly audit   'infer-owner': [ '1.0.4' ],
48 silly audit   inflight: [ '1.0.6' ],
48 silly audit   inherits: [ '2.0.4', '2.0.3' ],
48 silly audit   ini: [ '3.0.1' ],
48 silly audit   inquirer: [ '8.2.4' ],
48 silly audit   ip: [ '2.0.0' ],
48 silly audit   'ipaddr.js': [ '2.0.1', '1.9.1' ],
48 silly audit   'is-arrayish': [ '0.2.1' ],
48 silly audit   'is-binary-path': [ '2.1.0' ],
48 silly audit   'is-core-module': [ '2.11.0' ],
48 silly audit   'is-docker': [ '2.2.1' ],
48 silly audit   'is-extglob': [ '2.1.1' ],
48 silly audit   'is-fullwidth-code-point': [ '3.0.0' ],
48 silly audit   'is-glob': [ '4.0.3' ],
48 silly audit   'is-interactive': [ '1.0.0' ],
48 silly audit   'is-lambda': [ '1.0.1' ],
48 silly audit   'is-number': [ '7.0.0' ],
48 silly audit   'is-plain-obj': [ '3.0.0' ],
48 silly audit   'is-plain-object': [ '2.0.4' ],
48 silly audit   'is-stream': [ '2.0.1' ],
48 silly audit   'is-unicode-supported': [ '0.1.0' ],
48 silly audit   'is-what': [ '3.14.1' ],
48 silly audit   'is-wsl': [ '2.2.0' ],
48 silly audit   isarray: [ '1.0.0' ],
48 silly audit   isbinaryfile: [ '4.0.10' ],
48 silly audit   isexe: [ '2.0.0' ],
48 silly audit   isobject: [ '3.0.1' ],
48 silly audit   'istanbul-lib-coverage': [ '3.2.0' ],
48 silly audit   'istanbul-lib-instrument': [ '5.2.1' ],
48 silly audit   'istanbul-lib-report': [ '3.0.0' ],
48 silly audit   'istanbul-lib-source-maps': [ '4.0.1' ],
48 silly audit   'source-map': [ '0.6.1', '0.7.4' ],
48 silly audit   'istanbul-reports': [ '3.1.5' ],
48 silly audit   'jasmine-core': [ '4.5.0' ],
48 silly audit   'jest-worker': [ '27.5.1' ],
48 silly audit   'js-tokens': [ '4.0.0' ],
48 silly audit   'js-yaml': [ '3.14.1' ],
48 silly audit   jsesc: [ '2.5.2', '0.5.0' ],
48 silly audit   'json-parse-even-better-errors': [ '2.3.1', '3.0.0' ],
48 silly audit   'json-schema-traverse': [ '1.0.0', '0.4.1' ],
48 silly audit   json5: [ '2.2.3' ],
48 silly audit   'jsonc-parser': [ '3.2.0' ],
48 silly audit   jsonfile: [ '4.0.0' ],
48 silly audit   jsonparse: [ '1.3.1' ],
48 silly audit   karma: [ '6.4.1' ],
48 silly audit   'karma-chrome-launcher': [ '3.1.1' ],
48 silly audit   'karma-coverage': [ '2.2.0' ],
48 silly audit   'karma-jasmine': [ '5.1.0' ],
48 silly audit   'karma-jasmine-html-reporter': [ '2.0.0' ],
48 silly audit   'karma-source-map-support': [ '1.4.0' ],
48 silly audit   tmp: [ '0.2.1', '0.0.33' ],
48 silly audit   yargs: [ '16.2.0', '17.6.2' ],
48 silly audit   'yargs-parser': [ '20.2.9', '21.1.1' ],
48 silly audit   'kind-of': [ '6.0.3' ],
48 silly audit   klona: [ '2.0.6' ],
48 silly audit   less: [ '4.1.3' ],
48 silly audit   'less-loader': [ '11.1.0' ],
48 silly audit   'make-dir': [ '2.1.0', '3.1.0' ],
48 silly audit   mime: [ '1.6.0', '2.6.0' ],
48 silly audit   'license-webpack-plugin': [ '4.0.2' ],
48 silly audit   'lines-and-columns': [ '1.2.4' ],
48 silly audit   'loader-runner': [ '4.3.0' ],
48 silly audit   'locate-path': [ '5.0.0' ],
48 silly audit   lodash: [ '4.17.21' ],
48 silly audit   'lodash.debounce': [ '4.0.8' ],
48 silly audit   'log-symbols': [ '4.1.0' ],
48 silly audit   log4js: [ '6.9.1' ],
48 silly audit   'make-fetch-happen': [ '10.2.1', '11.0.3' ],
48 silly audit   minipass: [ '3.3.6', '4.2.5' ],
48 silly audit   ssri: [ '9.0.1', '10.0.1' ],
48 silly audit   'unique-filename': [ '2.0.1', '3.0.0' ],
48 silly audit   'unique-slug': [ '3.0.0', '4.0.0' ],
48 silly audit   yallist: [ '4.0.0', '3.1.1' ],
48 silly audit   'media-typer': [ '0.3.0' ],
48 silly audit   memfs: [ '3.4.13' ],
48 silly audit   'merge-descriptors': [ '1.0.1' ],
48 silly audit   'merge-stream': [ '2.0.0' ],
48 silly audit   merge2: [ '1.4.1' ],
48 silly audit   methods: [ '1.1.2' ],
48 silly audit   micromatch: [ '4.0.5' ],
48 silly audit   'mime-db': [ '1.52.0' ],
48 silly audit   'mime-types': [ '2.1.35' ],
48 silly audit   'mimic-fn': [ '2.1.0' ],
48 silly audit   'mini-css-extract-plugin': [ '2.7.2' ],
48 silly audit   'minimalistic-assert': [ '1.0.1' ],
48 silly audit   minimist: [ '1.2.8' ],
48 silly audit   'minipass-collect': [ '1.0.2' ],
48 silly audit   'minipass-fetch': [ '2.1.2', '3.0.1' ],
48 silly audit   'minipass-flush': [ '1.0.5' ],
48 silly audit   'minipass-json-stream': [ '1.0.1' ],
48 silly audit   'minipass-pipeline': [ '1.2.4' ],
48 silly audit   'minipass-sized': [ '1.0.3' ],
48 silly audit   minizlib: [ '2.1.2' ],
48 silly audit   'multicast-dns': [ '7.2.5' ],
48 silly audit   'mute-stream': [ '0.0.8' ],
48 silly audit   nanoid: [ '3.3.6' ],
48 silly audit   needle: [ '3.2.0' ],
48 silly audit   negotiator: [ '0.6.3' ],
48 silly audit   'neo-async': [ '2.6.2' ],
48 silly audit   'nice-napi': [ '1.0.2' ],
48 silly audit   'node-addon-api': [ '3.2.1' ],
48 silly audit   'node-forge': [ '1.3.1' ],
48 silly audit   'node-gyp': [ '9.3.1' ],
48 silly audit   'node-gyp-build': [ '4.6.0' ],
48 silly audit   'node-releases': [ '2.0.10' ],
48 silly audit   nopt: [ '6.0.0' ],
48 silly audit   'normalize-package-data': [ '5.0.0' ],
48 silly audit   'normalize-path': [ '3.0.0' ],
48 silly audit   'normalize-range': [ '0.1.2' ],
48 silly audit   'npm-bundled': [ '3.0.0' ],
48 silly audit   'npm-install-checks': [ '6.1.0' ],
48 silly audit   'npm-normalize-package-bin': [ '3.0.0' ],
48 silly audit   'npm-package-arg': [ '10.1.0' ],
48 silly audit   'npm-packlist': [ '7.0.4' ],
48 silly audit   'npm-pick-manifest': [ '8.0.1' ],
48 silly audit   'npm-registry-fetch': [ '14.0.3' ],
48 silly audit   'npm-run-path': [ '4.0.1' ],
48 silly audit   npmlog: [ '6.0.2' ],
48 silly audit   'nth-check': [ '2.1.1' ],
48 silly audit   'object-assign': [ '4.1.1' ],
48 silly audit   'object-inspect': [ '1.12.3' ],
48 silly audit   obuf: [ '1.1.2' ],
48 silly audit   'on-headers': [ '1.0.2' ],
48 silly audit   once: [ '1.4.0' ],
48 silly audit   onetime: [ '5.1.2' ],
48 silly audit   open: [ '8.4.1' ],
48 silly audit   ora: [ '5.4.1' ],
48 silly audit   'os-tmpdir': [ '1.0.2' ],
48 silly audit   'p-limit': [ '2.3.0' ],
48 silly audit   'p-locate': [ '4.1.0' ],
48 silly audit   'p-map': [ '4.0.0' ],
48 silly audit   'p-retry': [ '4.6.2' ],
48 silly audit   retry: [ '0.13.1', '0.12.0' ],
48 silly audit   'p-try': [ '2.2.0' ],
48 silly audit   pacote: [ '15.1.0' ],
48 silly audit   pako: [ '1.0.11' ],
48 silly audit   'parent-module': [ '1.0.1' ],
48 silly audit   'parse-json': [ '5.2.0' ],
48 silly audit   'parse-node-version': [ '1.0.1' ],
48 silly audit   parse5: [ '6.0.1', '7.1.2' ],
48 silly audit   'parse5-html-rewriting-stream': [ '7.0.0' ],
48 silly audit   'parse5-htmlparser2-tree-adapter': [ '6.0.1' ],
48 silly audit   'parse5-sax-parser': [ '7.0.0' ],
48 silly audit   parseurl: [ '1.3.3' ],
48 silly audit   'path-exists': [ '4.0.0' ],
48 silly audit   'path-is-absolute': [ '1.0.1' ],
48 silly audit   'path-key': [ '3.1.1' ],
48 silly audit   'path-parse': [ '1.0.7' ],
48 silly audit   'path-scurry': [ '1.6.3' ],
48 silly audit   'path-to-regexp': [ '0.1.7' ],
48 silly audit   'path-type': [ '4.0.0' ],
48 silly audit   picocolors: [ '1.0.0' ],
48 silly audit   picomatch: [ '2.3.1' ],
48 silly audit   pify: [ '4.0.1' ],
48 silly audit   piscina: [ '3.2.0' ],
48 silly audit   'pkg-dir': [ '4.2.0' ],
48 silly audit   postcss: [ '8.4.21' ],
48 silly audit   'postcss-loader': [ '7.0.2' ],
48 silly audit   'postcss-modules-extract-imports': [ '3.0.0' ],
48 silly audit   'postcss-modules-local-by-default': [ '4.0.0' ],
48 silly audit   'postcss-modules-scope': [ '3.0.0' ],
48 silly audit   'postcss-modules-values': [ '4.0.0' ],
48 silly audit   'postcss-selector-parser': [ '6.0.11' ],
48 silly audit   'postcss-value-parser': [ '4.2.0' ],
48 silly audit   'pretty-bytes': [ '5.6.0' ],
48 silly audit   'proc-log': [ '3.0.0' ],
48 silly audit   'process-nextick-args': [ '2.0.1' ],
48 silly audit   'promise-inflight': [ '1.0.1' ],
48 silly audit   'promise-retry': [ '2.0.1' ],
48 silly audit   'proxy-addr': [ '2.0.7' ],
48 silly audit   prr: [ '1.0.1' ],
48 silly audit   punycode: [ '2.3.0' ],
48 silly audit   qjobs: [ '1.2.0' ],
48 silly audit   qs: [ '6.11.0' ],
48 silly audit   'queue-microtask': [ '1.2.3' ],
48 silly audit   randombytes: [ '2.1.0' ],
48 silly audit   'range-parser': [ '1.2.1' ],
48 silly audit   'read-package-json': [ '6.0.1' ],
48 silly audit   'read-package-json-fast': [ '3.0.2' ],
48 silly audit   readdirp: [ '3.6.0' ],
48 silly audit   'reflect-metadata': [ '0.1.13' ],
48 silly audit   regenerate: [ '1.4.2' ],
48 silly audit   'regenerate-unicode-properties': [ '10.1.0' ],
48 silly audit   'regenerator-runtime': [ '0.13.11' ],
48 silly audit   'regenerator-transform': [ '0.15.1' ],
48 silly audit   'regex-parser': [ '2.2.11' ],
48 silly audit   'regexpu-core': [ '5.3.2' ],
48 silly audit   regjsparser: [ '0.9.1' ],
48 silly audit   'require-directory': [ '2.1.1' ],
48 silly audit   'require-from-string': [ '2.0.2' ],
48 silly audit   'requires-port': [ '1.0.0' ],
48 silly audit   resolve: [ '1.22.1' ],
48 silly audit   'resolve-url-loader': [ '5.0.0' ],
48 silly audit   'restore-cursor': [ '3.1.0' ],
48 silly audit   reusify: [ '1.0.4' ],
48 silly audit   rfdc: [ '1.3.0' ],
48 silly audit   rimraf: [ '3.0.2' ],
48 silly audit   'run-async': [ '2.4.1' ],
48 silly audit   'run-parallel': [ '1.2.0' ],
48 silly audit   'safer-buffer': [ '2.1.2' ],
48 silly audit   sass: [ '1.58.1' ],
48 silly audit   'sass-loader': [ '13.2.0' ],
48 silly audit   sax: [ '1.2.4' ],
48 silly audit   'schema-utils': [ '4.0.0', '3.1.1' ],
48 silly audit   'select-hose': [ '2.0.0' ],
48 silly audit   selfsigned: [ '2.1.1' ],
48 silly audit   send: [ '0.18.0' ],
48 silly audit   'serialize-javascript': [ '6.0.1' ],
48 silly audit   'serve-index': [ '1.9.1' ],
48 silly audit   setprototypeof: [ '1.1.0', '1.2.0' ],
48 silly audit   'serve-static': [ '1.15.0' ],
48 silly audit   'set-blocking': [ '2.0.0' ],
48 silly audit   'shallow-clone': [ '3.0.1' ],
48 silly audit   'shebang-command': [ '2.0.0' ],
48 silly audit   'shebang-regex': [ '3.0.0' ],
48 silly audit   'side-channel': [ '1.0.4' ],
48 silly audit   'signal-exit': [ '3.0.7' ],
48 silly audit   sigstore: [ '1.2.0' ],
48 silly audit   slash: [ '4.0.0' ],
48 silly audit   'smart-buffer': [ '4.2.0' ],
48 silly audit   'socket.io': [ '4.6.1' ],
48 silly audit   'socket.io-adapter': [ '2.5.2' ],
48 silly audit   'socket.io-parser': [ '4.2.2' ],
48 silly audit   sockjs: [ '0.3.24' ],
48 silly audit   socks: [ '2.7.1' ],
48 silly audit   'socks-proxy-agent': [ '7.0.0' ],
48 silly audit   'source-map-js': [ '1.0.2' ],
48 silly audit   'source-map-loader': [ '4.0.1' ],
48 silly audit   'source-map-support': [ '0.5.21' ],
48 silly audit   'spdx-correct': [ '3.2.0' ],
48 silly audit   'spdx-exceptions': [ '2.3.0' ],
48 silly audit   'spdx-expression-parse': [ '3.0.1' ],
48 silly audit   'spdx-license-ids': [ '3.0.13' ],
48 silly audit   spdy: [ '4.0.2' ],
48 silly audit   'spdy-transport': [ '3.0.0' ],
48 silly audit   'sprintf-js': [ '1.0.3' ],
48 silly audit   streamroller: [ '3.1.5' ],
48 silly audit   'string-width': [ '4.2.3' ],
48 silly audit   'strip-ansi': [ '6.0.1' ],
48 silly audit   'strip-final-newline': [ '2.0.0' ],
48 silly audit   'supports-preserve-symlinks-flag': [ '1.0.0' ],
48 silly audit   'symbol-observable': [ '4.0.0' ],
48 silly audit   tapable: [ '2.2.1' ],
48 silly audit   tar: [ '6.1.13' ],
48 silly audit   terser: [ '5.16.3', '5.16.8' ],
48 silly audit   'terser-webpack-plugin': [ '5.3.7' ],
48 silly audit   'test-exclude': [ '6.0.0' ],
48 silly audit   'text-table': [ '0.2.0' ],
48 silly audit   through: [ '2.3.8' ],
48 silly audit   thunky: [ '1.1.0' ],
48 silly audit   'to-fast-properties': [ '2.0.0' ],
48 silly audit   'to-regex-range': [ '5.0.1' ],
48 silly audit   toidentifier: [ '1.0.1' ],
48 silly audit   'tree-kill': [ '1.2.2' ],
48 silly audit   'tuf-js': [ '1.1.2' ],
48 silly audit   'type-fest': [ '0.21.3' ],
48 silly audit   'type-is': [ '1.6.18' ],
48 silly audit   'typed-assert': [ '1.0.9' ],
48 silly audit   typescript: [ '4.9.5' ],
48 silly audit   'ua-parser-js': [ '0.7.34' ],
48 silly audit   'unicode-canonical-property-names-ecmascript': [ '2.0.0' ],
48 silly audit   'unicode-match-property-ecmascript': [ '2.0.0' ],
48 silly audit   'unicode-match-property-value-ecmascript': [ '2.1.0' ],
48 silly audit   'unicode-property-aliases-ecmascript': [ '2.1.0' ],
48 silly audit   universalify: [ '0.1.2' ],
48 silly audit   unpipe: [ '1.0.0' ],
48 silly audit   'update-browserslist-db': [ '1.0.10' ],
48 silly audit   'uri-js': [ '4.4.1' ],
48 silly audit   'util-deprecate': [ '1.0.2' ],
48 silly audit   'utils-merge': [ '1.0.1' ],
48 silly audit   uuid: [ '8.3.2' ],
48 silly audit   'validate-npm-package-license': [ '3.0.4' ],
48 silly audit   'validate-npm-package-name': [ '5.0.0' ],
48 silly audit   vary: [ '1.1.2' ],
48 silly audit   'void-elements': [ '2.0.1' ],
48 silly audit   watchpack: [ '2.4.0' ],
48 silly audit   wbuf: [ '1.7.3' ],
48 silly audit   wcwidth: [ '1.0.1' ],
48 silly audit   webpack: [ '5.76.1' ],
48 silly audit   'webpack-dev-middleware': [ '6.0.1', '5.3.3' ],
48 silly audit   'webpack-dev-server': [ '4.11.1' ],
48 silly audit   'webpack-merge': [ '5.8.0' ],
48 silly audit   'webpack-sources': [ '3.2.3' ],
48 silly audit   'webpack-subresource-integrity': [ '5.1.0' ],
48 silly audit   'websocket-driver': [ '0.7.4' ],
48 silly audit   'websocket-extensions': [ '0.1.4' ],
48 silly audit   'wide-align': [ '1.1.5' ],
48 silly audit   wildcard: [ '2.0.0' ],
48 silly audit   'wrap-ansi': [ '7.0.0' ],
48 silly audit   wrappy: [ '1.0.2' ],
48 silly audit   ws: [ '8.11.0' ],
48 silly audit   y18n: [ '5.0.8' ],
48 silly audit   yaml: [ '1.10.2' ],
48 silly audit   'zone.js': [ '0.12.0' ]
48 silly audit }
49 verbose reify failed optional dependency /Users/camis/Desktop/u06-fullstack-recipe-app-Camgus89/angular/node_modules/@esbuild/win32-x64
50 silly reify mark deleted [
50 silly reify   '/Users/camis/Desktop/u06-fullstack-recipe-app-Camgus89/angular/node_modules/@esbuild/win32-x64'
50 silly reify ]
51 verbose reify failed optional dependency /Users/camis/Desktop/u06-fullstack-recipe-app-Camgus89/angular/node_modules/@esbuild/win32-ia32
52 silly reify mark deleted [
52 silly reify   '/Users/camis/Desktop/u06-fullstack-recipe-app-Camgus89/angular/node_modules/@esbuild/win32-ia32'
52 silly reify ]
53 verbose reify failed optional dependency /Users/camis/Desktop/u06-fullstack-recipe-app-Camgus89/angular/node_modules/@esbuild/win32-arm64
54 silly reify mark deleted [
54 silly reify   '/Users/camis/Desktop/u06-fullstack-recipe-app-Camgus89/angular/node_modules/@esbuild/win32-arm64'
54 silly reify ]
55 verbose reify failed optional dependency /Users/camis/Desktop/u06-fullstack-recipe-app-Camgus89/angular/node_modules/@esbuild/sunos-x64
56 silly reify mark deleted [
56 silly reify   '/Users/camis/Desktop/u06-fullstack-recipe-app-Camgus89/angular/node_modules/@esbuild/sunos-x64'
56 silly reify ]
57 verbose reify failed optional dependency /Users/camis/Desktop/u06-fullstack-recipe-app-Camgus89/angular/node_modules/@esbuild/openbsd-x64
58 silly reify mark deleted [
58 silly reify   '/Users/camis/Desktop/u06-fullstack-recipe-app-Camgus89/angular/node_modules/@esbuild/openbsd-x64'
58 silly reify ]
59 verbose reify failed optional dependency /Users/camis/Desktop/u06-fullstack-recipe-app-Camgus89/angular/node_modules/@esbuild/netbsd-x64
60 silly reify mark deleted [
60 silly reify   '/Users/camis/Desktop/u06-fullstack-recipe-app-Camgus89/angular/node_modules/@esbuild/netbsd-x64'
60 silly reify ]
61 verbose reify failed optional dependency /Users/camis/Desktop/u06-fullstack-recipe-app-Camgus89/angular/node_modules/@esbuild/linux-x64
62 silly reify mark deleted [
62 silly reify   '/Users/camis/Desktop/u06-fullstack-recipe-app-Camgus89/angular/node_modules/@esbuild/linux-x64'
62 silly reify ]
63 verbose reify failed optional dependency /Users/camis/Desktop/u06-fullstack-recipe-app-Camgus89/angular/node_modules/@esbuild/linux-s390x
64 silly reify mark deleted [
64 silly reify   '/Users/camis/Desktop/u06-fullstack-recipe-app-Camgus89/angular/node_modules/@esbuild/linux-s390x'
64 silly reify ]
65 verbose reify failed optional dependency /Users/camis/Desktop/u06-fullstack-recipe-app-Camgus89/angular/node_modules/@esbuild/linux-riscv64
66 silly reify mark deleted [
66 silly reify   '/Users/camis/Desktop/u06-fullstack-recipe-app-Camgus89/angular/node_modules/@esbuild/linux-riscv64'
66 silly reify ]
67 verbose reify failed optional dependency /Users/camis/Desktop/u06-fullstack-recipe-app-Camgus89/angular/node_modules/@esbuild/linux-ppc64
68 silly reify mark deleted [
68 silly reify   '/Users/camis/Desktop/u06-fullstack-recipe-app-Camgus89/angular/node_modules/@esbuild/linux-ppc64'
68 silly reify ]
69 verbose reify failed optional dependency /Users/camis/Desktop/u06-fullstack-recipe-app-Camgus89/angular/node_modules/@esbuild/linux-mips64el
70 silly reify mark deleted [
70 silly reify   '/Users/camis/Desktop/u06-fullstack-recipe-app-Camgus89/angular/node_modules/@esbuild/linux-mips64el'
70 silly reify ]
71 verbose reify failed optional dependency /Users/camis/Desktop/u06-fullstack-recipe-app-Camgus89/angular/node_modules/@esbuild/linux-loong64
72 silly reify mark deleted [
72 silly reify   '/Users/camis/Desktop/u06-fullstack-recipe-app-Camgus89/angular/node_modules/@esbuild/linux-loong64'
72 silly reify ]
73 verbose reify failed optional dependency /Users/camis/Desktop/u06-fullstack-recipe-app-Camgus89/angular/node_modules/@esbuild/linux-ia32
74 silly reify mark deleted [
74 silly reify   '/Users/camis/Desktop/u06-fullstack-recipe-app-Camgus89/angular/node_modules/@esbuild/linux-ia32'
74 silly reify ]
75 verbose reify failed optional dependency /Users/camis/Desktop/u06-fullstack-recipe-app-Camgus89/angular/node_modules/@esbuild/linux-arm64
76 silly reify mark deleted [
76 silly reify   '/Users/camis/Desktop/u06-fullstack-recipe-app-Camgus89/angular/node_modules/@esbuild/linux-arm64'
76 silly reify ]
77 verbose reify failed optional dependency /Users/camis/Desktop/u06-fullstack-recipe-app-Camgus89/angular/node_modules/@esbuild/linux-arm
78 silly reify mark deleted [
78 silly reify   '/Users/camis/Desktop/u06-fullstack-recipe-app-Camgus89/angular/node_modules/@esbuild/linux-arm'
78 silly reify ]
79 verbose reify failed optional dependency /Users/camis/Desktop/u06-fullstack-recipe-app-Camgus89/angular/node_modules/@esbuild/freebsd-x64
80 silly reify mark deleted [
80 silly reify   '/Users/camis/Desktop/u06-fullstack-recipe-app-Camgus89/angular/node_modules/@esbuild/freebsd-x64'
80 silly reify ]
81 verbose reify failed optional dependency /Users/camis/Desktop/u06-fullstack-recipe-app-Camgus89/angular/node_modules/@esbuild/freebsd-arm64
82 silly reify mark deleted [
82 silly reify   '/Users/camis/Desktop/u06-fullstack-recipe-app-Camgus89/angular/node_modules/@esbuild/freebsd-arm64'
82 silly reify ]
83 verbose reify failed optional dependency /Users/camis/Desktop/u06-fullstack-recipe-app-Camgus89/angular/node_modules/@esbuild/darwin-arm64
84 silly reify mark deleted [
84 silly reify   '/Users/camis/Desktop/u06-fullstack-recipe-app-Camgus89/angular/node_modules/@esbuild/darwin-arm64'
84 silly reify ]
85 verbose reify failed optional dependency /Users/camis/Desktop/u06-fullstack-recipe-app-Camgus89/angular/node_modules/@esbuild/android-x64
86 silly reify mark deleted [
86 silly reify   '/Users/camis/Desktop/u06-fullstack-recipe-app-Camgus89/angular/node_modules/@esbuild/android-x64'
86 silly reify ]
87 verbose reify failed optional dependency /Users/camis/Desktop/u06-fullstack-recipe-app-Camgus89/angular/node_modules/@esbuild/android-arm64
88 silly reify mark deleted [
88 silly reify   '/Users/camis/Desktop/u06-fullstack-recipe-app-Camgus89/angular/node_modules/@esbuild/android-arm64'
88 silly reify ]
89 verbose reify failed optional dependency /Users/camis/Desktop/u06-fullstack-recipe-app-Camgus89/angular/node_modules/@esbuild/android-arm
90 silly reify mark deleted [
90 silly reify   '/Users/camis/Desktop/u06-fullstack-recipe-app-Camgus89/angular/node_modules/@esbuild/android-arm'
90 silly reify ]
91 timing reifyNode:node_modules/@esbuild/win32-x64 Completed in 51ms
92 timing reifyNode:node_modules/@esbuild/win32-ia32 Completed in 51ms
93 timing reifyNode:node_modules/@esbuild/win32-arm64 Completed in 50ms
94 timing reifyNode:node_modules/@esbuild/sunos-x64 Completed in 50ms
95 timing reifyNode:node_modules/@esbuild/openbsd-x64 Completed in 51ms
96 timing reifyNode:node_modules/@esbuild/netbsd-x64 Completed in 51ms
97 timing reifyNode:node_modules/@esbuild/linux-x64 Completed in 51ms
98 timing reifyNode:node_modules/@esbuild/linux-s390x Completed in 50ms
99 timing reifyNode:node_modules/@esbuild/linux-riscv64 Completed in 50ms
100 timing reifyNode:node_modules/@esbuild/linux-ppc64 Completed in 50ms
101 timing reifyNode:node_modules/@esbuild/linux-mips64el Completed in 50ms
102 timing reifyNode:node_modules/@esbuild/linux-loong64 Completed in 50ms
103 timing reifyNode:node_modules/@esbuild/linux-ia32 Completed in 50ms
104 timing reifyNode:node_modules/@esbuild/linux-arm64 Completed in 50ms
105 timing reifyNode:node_modules/@esbuild/linux-arm Completed in 50ms
106 timing reifyNode:node_modules/@esbuild/freebsd-x64 Completed in 50ms
107 timing reifyNode:node_modules/@esbuild/freebsd-arm64 Completed in 50ms
108 timing reifyNode:node_modules/@esbuild/darwin-arm64 Completed in 50ms
109 timing reifyNode:node_modules/@esbuild/android-x64 Completed in 49ms
110 timing reifyNode:node_modules/@esbuild/android-arm64 Completed in 49ms
111 timing reifyNode:node_modules/@esbuild/android-arm Completed in 49ms
112 timing reify:unpack Completed in 52ms
113 timing reify:unretire Completed in 1ms
114 timing build:queue Completed in 5ms
115 timing build:deps Completed in 5ms
116 timing build Completed in 5ms
117 timing reify:build Completed in 5ms
118 timing reify:trash Completed in 2ms
119 timing reify:save Completed in 212ms
120 http fetch POST 200 https://registry.npmjs.org/-/npm/v1/security/advisories/bulk 717ms
121 timing auditReport:getReport Completed in 726ms
122 silly audit report {
122 silly audit report   semver: [
122 silly audit report     {
122 silly audit report       id: 1093262,
122 silly audit report       url: 'https://github.com/advisories/GHSA-c2qf-rxjj-qqgw',
122 silly audit report       title: 'semver vulnerable to Regular Expression Denial of Service',
122 silly audit report       severity: 'moderate',
122 silly audit report       vulnerable_versions: '<5.7.2',
122 silly audit report       cwe: [Array],
122 silly audit report       cvss: [Object]
122 silly audit report     },
122 silly audit report     {
122 silly audit report       id: 1093263,
122 silly audit report       url: 'https://github.com/advisories/GHSA-c2qf-rxjj-qqgw',
122 silly audit report       title: 'semver vulnerable to Regular Expression Denial of Service',
122 silly audit report       severity: 'moderate',
122 silly audit report       vulnerable_versions: '>=6.0.0 <6.3.1',
122 silly audit report       cwe: [Array],
122 silly audit report       cvss: [Object]
122 silly audit report     },
122 silly audit report     {
122 silly audit report       id: 1093264,
122 silly audit report       url: 'https://github.com/advisories/GHSA-c2qf-rxjj-qqgw',
122 silly audit report       title: 'semver vulnerable to Regular Expression Denial of Service',
122 silly audit report       severity: 'moderate',
122 silly audit report       vulnerable_versions: '>=7.0.0 <7.5.2',
122 silly audit report       cwe: [Array],
122 silly audit report       cvss: [Object]
122 silly audit report     }
122 silly audit report   ],
122 silly audit report   'engine.io': [
122 silly audit report     {
122 silly audit report       id: 1092315,
122 silly audit report       url: 'https://github.com/advisories/GHSA-q9mw-68c2-j6m5',
122 silly audit report       title: 'engine.io Uncaught Exception vulnerability',
122 silly audit report       severity: 'moderate',
122 silly audit report       vulnerable_versions: '>=5.1.0 <6.4.2',
122 silly audit report       cwe: [Array],
122 silly audit report       cvss: [Object]
122 silly audit report     }
122 silly audit report   ],
122 silly audit report   'socket.io-parser': [
122 silly audit report     {
122 silly audit report       id: 1092174,
122 silly audit report       url: 'https://github.com/advisories/GHSA-cqmj-92xf-r6r9',
122 silly audit report       title: 'Insufficient validation when decoding a Socket.IO packet',
122 silly audit report       severity: 'high',
122 silly audit report       vulnerable_versions: '>=4.0.4 <4.2.3',
122 silly audit report       cwe: [Array],
122 silly audit report       cvss: [Object]
122 silly audit report     }
122 silly audit report   ]
122 silly audit report }
123 timing metavuln:cache:get:security-advisory:semver:PlZgIkF6e3/0yLjqYqSrH86eUBw0BU9Wzsy4iARPg9G3iRIQ2GNxvejcQXeGaJot7HHphkgcPgSjq2bILFos4A== Completed in 5ms
124 timing metavuln:cache:get:security-advisory:semver:ylVPedjv/X8TpgairrCUKxYrttyJ3d9KZq9OUWSImrjp5hbdN12y00p2CHArh2hdr4BFmY4wjnBtJ5hGE9Q1vQ== Completed in 4ms
125 timing metavuln:cache:get:security-advisory:semver:QOiLWUW91ttGunirVTBb4H1yCzzSgBan1koq6ouAtmrfkHTHTd8VFTM5X4rBVXabv7Sr0sKo4HJXtfFbV76tPA== Completed in 4ms
126 timing metavuln:cache:get:security-advisory:engine.io:ETnTLHtcFQMCZ+8x2Zf2LcJCdLWOO9UzoHw3FU4kWkSwjDzsQYvJc+StvxCI8pXhRaZ0OxLDIyk+nF73VieVyA== Completed in 8ms
127 timing metavuln:cache:get:security-advisory:socket.io-parser:ATbCUJtqfFbW1d1d62cNLX5Falv/B+axuqldw1ga7JMsuproUC5bJF3GGlUMVCCpVnqtIon3G9Zf9m4gRaS+fw== Completed in 7ms
128 http fetch GET 200 https://registry.npmjs.org/semver 19ms (cache hit)
129 timing metavuln:packument:semver Completed in 21ms
130 timing metavuln:load:security-advisory:semver:1093262 Completed in 2ms
131 timing metavuln:load:security-advisory:semver:1093263 Completed in 1ms
132 timing metavuln:load:security-advisory:semver:1093264 Completed in 1ms
133 timing metavuln:cache:put:security-advisory:semver:PlZgIkF6e3/0yLjqYqSrH86eUBw0BU9Wzsy4iARPg9G3iRIQ2GNxvejcQXeGaJot7HHphkgcPgSjq2bILFos4A== Completed in 10ms
134 timing metavuln:calculate:security-advisory:semver:1093262 Completed in 34ms
135 timing metavuln:cache:put:security-advisory:semver:ylVPedjv/X8TpgairrCUKxYrttyJ3d9KZq9OUWSImrjp5hbdN12y00p2CHArh2hdr4BFmY4wjnBtJ5hGE9Q1vQ== Completed in 9ms
136 timing metavuln:calculate:security-advisory:semver:1093263 Completed in 33ms
137 timing metavuln:cache:put:security-advisory:semver:QOiLWUW91ttGunirVTBb4H1yCzzSgBan1koq6ouAtmrfkHTHTd8VFTM5X4rBVXabv7Sr0sKo4HJXtfFbV76tPA== Completed in 8ms
138 timing metavuln:calculate:security-advisory:semver:1093264 Completed in 34ms
139 http fetch GET 200 https://registry.npmjs.org/socket.io-parser 100ms (cache revalidated)
140 timing metavuln:packument:socket.io-parser Completed in 100ms
141 timing metavuln:load:security-advisory:socket.io-parser:1092174 Completed in 0ms
142 timing metavuln:calculate:security-advisory:socket.io-parser:1092174 Completed in 100ms
143 http fetch GET 200 https://registry.npmjs.org/engine.io 183ms (cache revalidated)
144 timing metavuln:packument:engine.io Completed in 184ms
145 timing metavuln:load:security-advisory:engine.io:1092315 Completed in 1ms
146 timing metavuln:calculate:security-advisory:engine.io:1092315 Completed in 186ms
147 timing metavuln:cache:get:security-advisory:make-dir:fiQFxIbItdm1JzoBL5vhL8ExwRGy2iH0qK+X1lwlPItpd5RzuXbacRRqom22sQbnKhRw750xTdYnTHPDs5UiBg== Completed in 1ms
148 http fetch GET 200 https://registry.npmjs.org/make-dir 93ms (cache revalidated)
149 timing metavuln:packument:make-dir Completed in 93ms
150 timing metavuln:load:security-advisory:make-dir:PlZgIkF6e3/0yLjqYqSrH86eUBw0BU9Wzsy4iARPg9G3iRIQ2GNxvejcQXeGaJot7HHphkgcPgSjq2bILFos4A== Completed in 3ms
151 timing metavuln:cache:put:security-advisory:make-dir:fiQFxIbItdm1JzoBL5vhL8ExwRGy2iH0qK+X1lwlPItpd5RzuXbacRRqom22sQbnKhRw750xTdYnTHPDs5UiBg== Completed in 3ms
152 timing metavuln:calculate:security-advisory:make-dir:PlZgIkF6e3/0yLjqYqSrH86eUBw0BU9Wzsy4iARPg9G3iRIQ2GNxvejcQXeGaJot7HHphkgcPgSjq2bILFos4A== Completed in 100ms
153 timing metavuln:cache:get:security-advisory:@babel/core:3EHRL9uMOWZoA4F3Tzov74BJNHR3K1cBYSC5LCnIYNFD8sCjRQu8frb58YKvOKDAzmXWTUd9uO5T9KCMlkFPAA== Completed in 5ms
154 timing metavuln:cache:get:security-advisory:@babel/helper-compilation-targets:81S986qNvs0Hzwbosvlh4SFIYjpJbezkeaYxQ0G2xmS9wO6WncZgqyCG9Jg2uKr/qvSj3tqWub//bVNYjxechw== Completed in 4ms
155 timing metavuln:cache:get:security-advisory:@babel/helper-define-polyfill-provider:SG/Pl8omX6MMvsMElJ0iexKeZCX5YczUN82KpGYj/26R5iDXNNsFKCRHRkxb6aLFpSP/rZ2woj2YBUxFviedaA== Completed in 4ms
156 timing metavuln:cache:get:security-advisory:@babel/plugin-transform-runtime:LmmG/WaWNULNPgu8JbOL6oQDGBW1WNOHCsxHriqdigeXUn5Y0k7HSHktT22zSe9TguNdr2/yjLxsHQ1RwjDkbw== Completed in 4ms
157 timing metavuln:cache:get:security-advisory:@babel/preset-env:dNndTYIrNTaN7ubr/EQ2j2jhicnotb6VJEv5evf5FkyvE3rglIoO7jJZDQw2gt273X7ZufSKH6mJ+pJNwKO1nA== Completed in 3ms
158 timing metavuln:cache:get:security-advisory:babel-plugin-polyfill-corejs2:JEcliVJROO3PTaOjcIa/2nn5RGe0Eb5DAkJpAxOCUZlB1b9OCtdU3Zl/hqnPG9sg5YlHhzQmIOPHlDq6b7gw7g== Completed in 3ms
159 timing metavuln:cache:get:security-advisory:istanbul-lib-instrument:Zuo4cgX2ME8DiijMDlofBHd3UQtGdZGgcqVPNoQXASeGsaxKhHxktkPyUgUQjJgzIv3hjtWH+Ups2cdfEpKz0w== Completed in 2ms
160 timing metavuln:cache:get:security-advisory:make-dir:0LfYkKFJwV5hNgM07X2/+8WT1T2LrmnH5c0UcSnXm7cB/8z6imJuo7lEYQW5/GqzbvC1ob3RZskF54ZuFXkRgQ== Completed in 2ms
161 timing metavuln:load:security-advisory:make-dir:ylVPedjv/X8TpgairrCUKxYrttyJ3d9KZq9OUWSImrjp5hbdN12y00p2CHArh2hdr4BFmY4wjnBtJ5hGE9Q1vQ== Completed in 1ms
162 timing metavuln:cache:put:security-advisory:make-dir:0LfYkKFJwV5hNgM07X2/+8WT1T2LrmnH5c0UcSnXm7cB/8z6imJuo7lEYQW5/GqzbvC1ob3RZskF54ZuFXkRgQ== Completed in 73ms
163 timing metavuln:calculate:security-advisory:make-dir:ylVPedjv/X8TpgairrCUKxYrttyJ3d9KZq9OUWSImrjp5hbdN12y00p2CHArh2hdr4BFmY4wjnBtJ5hGE9Q1vQ== Completed in 78ms
164 http fetch GET 200 https://registry.npmjs.org/@babel%2fhelper-define-polyfill-provider 337ms (cache revalidated)
165 timing metavuln:packument:@babel/helper-define-polyfill-provider Completed in 337ms
166 timing metavuln:load:security-advisory:@babel/helper-define-polyfill-provider:ylVPedjv/X8TpgairrCUKxYrttyJ3d9KZq9OUWSImrjp5hbdN12y00p2CHArh2hdr4BFmY4wjnBtJ5hGE9Q1vQ== Completed in 1ms
167 http fetch GET 200 https://registry.npmjs.org/istanbul-lib-instrument 336ms (cache revalidated)
168 timing metavuln:packument:istanbul-lib-instrument Completed in 337ms
169 timing metavuln:load:security-advisory:istanbul-lib-instrument:ylVPedjv/X8TpgairrCUKxYrttyJ3d9KZq9OUWSImrjp5hbdN12y00p2CHArh2hdr4BFmY4wjnBtJ5hGE9Q1vQ== Completed in 2ms
170 http fetch GET 200 https://registry.npmjs.org/babel-plugin-polyfill-corejs2 342ms (cache revalidated)
171 timing metavuln:packument:babel-plugin-polyfill-corejs2 Completed in 343ms
172 timing metavuln:load:security-advisory:babel-plugin-polyfill-corejs2:ylVPedjv/X8TpgairrCUKxYrttyJ3d9KZq9OUWSImrjp5hbdN12y00p2CHArh2hdr4BFmY4wjnBtJ5hGE9Q1vQ== Completed in 0ms
173 timing metavuln:cache:put:security-advisory:@babel/helper-define-polyfill-provider:SG/Pl8omX6MMvsMElJ0iexKeZCX5YczUN82KpGYj/26R5iDXNNsFKCRHRkxb6aLFpSP/rZ2woj2YBUxFviedaA== Completed in 10ms
174 timing metavuln:calculate:security-advisory:@babel/helper-define-polyfill-provider:ylVPedjv/X8TpgairrCUKxYrttyJ3d9KZq9OUWSImrjp5hbdN12y00p2CHArh2hdr4BFmY4wjnBtJ5hGE9Q1vQ== Completed in 348ms
175 timing metavuln:cache:put:security-advisory:istanbul-lib-instrument:Zuo4cgX2ME8DiijMDlofBHd3UQtGdZGgcqVPNoQXASeGsaxKhHxktkPyUgUQjJgzIv3hjtWH+Ups2cdfEpKz0w== Completed in 7ms
176 timing metavuln:calculate:security-advisory:istanbul-lib-instrument:ylVPedjv/X8TpgairrCUKxYrttyJ3d9KZq9OUWSImrjp5hbdN12y00p2CHArh2hdr4BFmY4wjnBtJ5hGE9Q1vQ== Completed in 347ms
177 timing metavuln:cache:put:security-advisory:babel-plugin-polyfill-corejs2:JEcliVJROO3PTaOjcIa/2nn5RGe0Eb5DAkJpAxOCUZlB1b9OCtdU3Zl/hqnPG9sg5YlHhzQmIOPHlDq6b7gw7g== Completed in 4ms
178 timing metavuln:calculate:security-advisory:babel-plugin-polyfill-corejs2:ylVPedjv/X8TpgairrCUKxYrttyJ3d9KZq9OUWSImrjp5hbdN12y00p2CHArh2hdr4BFmY4wjnBtJ5hGE9Q1vQ== Completed in 348ms
179 http fetch GET 200 https://registry.npmjs.org/@babel%2fcore 395ms (cache updated)
180 timing metavuln:packument:@babel/core Completed in 397ms
181 timing metavuln:load:security-advisory:@babel/core:ylVPedjv/X8TpgairrCUKxYrttyJ3d9KZq9OUWSImrjp5hbdN12y00p2CHArh2hdr4BFmY4wjnBtJ5hGE9Q1vQ== Completed in 2ms
182 timing metavuln:cache:put:security-advisory:@babel/core:3EHRL9uMOWZoA4F3Tzov74BJNHR3K1cBYSC5LCnIYNFD8sCjRQu8frb58YKvOKDAzmXWTUd9uO5T9KCMlkFPAA== Completed in 5ms
183 timing metavuln:calculate:security-advisory:@babel/core:ylVPedjv/X8TpgairrCUKxYrttyJ3d9KZq9OUWSImrjp5hbdN12y00p2CHArh2hdr4BFmY4wjnBtJ5hGE9Q1vQ== Completed in 405ms
184 http fetch GET 200 https://registry.npmjs.org/@babel%2fhelper-compilation-targets 409ms (cache updated)
185 timing metavuln:packument:@babel/helper-compilation-targets Completed in 409ms
186 timing metavuln:load:security-advisory:@babel/helper-compilation-targets:ylVPedjv/X8TpgairrCUKxYrttyJ3d9KZq9OUWSImrjp5hbdN12y00p2CHArh2hdr4BFmY4wjnBtJ5hGE9Q1vQ== Completed in 1ms
187 http fetch GET 200 https://registry.npmjs.org/@babel%2fpreset-env 411ms (cache updated)
188 timing metavuln:packument:@babel/preset-env Completed in 415ms
189 timing metavuln:load:security-advisory:@babel/preset-env:ylVPedjv/X8TpgairrCUKxYrttyJ3d9KZq9OUWSImrjp5hbdN12y00p2CHArh2hdr4BFmY4wjnBtJ5hGE9Q1vQ== Completed in 1ms
190 timing metavuln:cache:put:security-advisory:@babel/helper-compilation-targets:81S986qNvs0Hzwbosvlh4SFIYjpJbezkeaYxQ0G2xmS9wO6WncZgqyCG9Jg2uKr/qvSj3tqWub//bVNYjxechw== Completed in 15ms
191 timing metavuln:calculate:security-advisory:@babel/helper-compilation-targets:ylVPedjv/X8TpgairrCUKxYrttyJ3d9KZq9OUWSImrjp5hbdN12y00p2CHArh2hdr4BFmY4wjnBtJ5hGE9Q1vQ== Completed in 425ms
192 timing metavuln:cache:put:security-advisory:@babel/preset-env:dNndTYIrNTaN7ubr/EQ2j2jhicnotb6VJEv5evf5FkyvE3rglIoO7jJZDQw2gt273X7ZufSKH6mJ+pJNwKO1nA== Completed in 9ms
193 timing metavuln:calculate:security-advisory:@babel/preset-env:ylVPedjv/X8TpgairrCUKxYrttyJ3d9KZq9OUWSImrjp5hbdN12y00p2CHArh2hdr4BFmY4wjnBtJ5hGE9Q1vQ== Completed in 425ms
194 http fetch GET 200 https://registry.npmjs.org/@babel%2fplugin-transform-runtime 434ms (cache updated)
195 timing metavuln:packument:@babel/plugin-transform-runtime Completed in 435ms
196 timing metavuln:load:security-advisory:@babel/plugin-transform-runtime:ylVPedjv/X8TpgairrCUKxYrttyJ3d9KZq9OUWSImrjp5hbdN12y00p2CHArh2hdr4BFmY4wjnBtJ5hGE9Q1vQ== Completed in 1ms
197 timing metavuln:cache:put:security-advisory:@babel/plugin-transform-runtime:LmmG/WaWNULNPgu8JbOL6oQDGBW1WNOHCsxHriqdigeXUn5Y0k7HSHktT22zSe9TguNdr2/yjLxsHQ1RwjDkbw== Completed in 6ms
198 timing metavuln:calculate:security-advisory:@babel/plugin-transform-runtime:ylVPedjv/X8TpgairrCUKxYrttyJ3d9KZq9OUWSImrjp5hbdN12y00p2CHArh2hdr4BFmY4wjnBtJ5hGE9Q1vQ== Completed in 443ms
199 timing metavuln:cache:get:security-advisory:@angular-devkit/build-angular:UGEaxzFu5AdzUf548tnlnGJckUNf+8Bvr2x/4Kfv7jXBEB6pgEX0v588sWAdP/sV5gL+6ibQnU0wjSb0myxfEg== Completed in 5ms
200 timing metavuln:cache:get:security-advisory:@angular/cli:u4NhoyylG0vnSGOy2fl1AhkBxTyjIWsgpob10/4/l8MEb5Pf4cQZDgd/D7dALhhjRIXpsZAf+LlMx8N7bn3AXQ== Completed in 5ms
201 timing metavuln:cache:get:security-advisory:@angular/compiler-cli:nqQjlQGIqWePHWao7Qj/ruIpuSz2NRu0Zxmu6r2NLu7SDGFel32KHrxyDpewfhVEYbtGxo4IcoMFViF9LDKaGw== Completed in 4ms
202 timing metavuln:cache:get:security-advisory:@npmcli/fs:7DIWjN78YOShnz53guDigHPfhFQLOMIiDemg/29Yr43p7a45PNrgEBqc4VLOzPKYIoOguw0lFPlWzJX1hHukDg== Completed in 4ms
203 timing metavuln:cache:get:security-advisory:@npmcli/git:DNN3BI4UxiooThPFPa2qQhA44pcq4SMhm4RCzL/QMMDbikGLwEB5LIz2Up4jlJ1AUWjKL0zlxYjHSalSpAJNfw== Completed in 4ms
204 timing metavuln:cache:get:security-advisory:builtins:vhKjOZfdB/wBXFCOhzlP5ytOT8X6pLf66bTPX6+ryBS95l+swuiheujm+OzSKz7Cd0f/1s37HKdT3Qj5/vY1pQ== Completed in 4ms
205 timing metavuln:cache:get:security-advisory:css-loader:tFKV9xfJnLVz5nLXVs9v/onoxgHYJA6STHzeS3N7wxKytK9XO/fIL0kmH7fiZKeTBoBY/G3oYQV0Bl5TMvIPoQ== Completed in 3ms
206 timing metavuln:cache:get:security-advisory:node-gyp:37qIO42Epw/Xtt3fP46JZfrXsyIgh7bsqyS9olR6U9kZtkt03o7ki/Fty1AYg7OX1ALH/D9DbF2vcLswtwcqHQ== Completed in 3ms
207 timing metavuln:cache:get:security-advisory:normalize-package-data:Jkt0X4Kxxp5F3il9GOt9GDdDT2w6Ou+C7p9xvoXTF6LG1gZe1R8vVA8p6bFY1hQdgkrA/+J9Ih1L9SOmCr0KlQ== Completed in 4ms
208 timing metavuln:cache:get:security-advisory:npm-install-checks:0OBMPZVHjTn8n81IQF9f93VuVZwYtVQ6T1eguyjTdt9G6nJD75PFLTYvZGX6byu37EoyyKlXcl7k8Rvm//QZhw== Completed in 4ms
209 timing metavuln:cache:get:security-advisory:npm-package-arg:VL9ud+jY2epxy+C2YUbYJ8hiGf2Pp8j+EzuZrBbNQ91vozcnLDgOscPJ23/myx7Q49+y1BYoXQXsa93zPWTNqA== Completed in 3ms
210 timing metavuln:cache:get:security-advisory:npm-pick-manifest:xKTSWf1ueCuuES+bhakZNZUqam3Q5KKl4YIuWoVnNNy954w+LuMCj4+OTwJL/hbgfEtzBSjVrWBuaGfGjjZ+1w== Completed in 3ms
211 timing metavuln:cache:get:security-advisory:postcss-loader:llHlyZhiZIXL6i1B+/h8o0kEJBo4eFrN0uiug48chcGj4YnjM9P7WC+KQHv6A+wJ6aJtd3bLdhPhzmuk+15M8g== Completed in 3ms
212 http fetch GET 200 https://registry.npmjs.org/node-gyp 24ms (cache hit)
213 timing metavuln:packument:node-gyp Completed in 26ms
214 timing metavuln:load:security-advisory:node-gyp:QOiLWUW91ttGunirVTBb4H1yCzzSgBan1koq6ouAtmrfkHTHTd8VFTM5X4rBVXabv7Sr0sKo4HJXtfFbV76tPA== Completed in 2ms
215 http fetch GET 200 https://registry.npmjs.org/@npmcli%2fgit 30ms (cache hit)
216 timing metavuln:packument:@npmcli/git Completed in 30ms
217 timing metavuln:load:security-advisory:@npmcli/git:QOiLWUW91ttGunirVTBb4H1yCzzSgBan1koq6ouAtmrfkHTHTd8VFTM5X4rBVXabv7Sr0sKo4HJXtfFbV76tPA== Completed in 0ms
218 http fetch GET 200 https://registry.npmjs.org/normalize-package-data 30ms (cache hit)
219 timing metavuln:packument:normalize-package-data Completed in 30ms
220 timing metavuln:load:security-advisory:normalize-package-data:QOiLWUW91ttGunirVTBb4H1yCzzSgBan1koq6ouAtmrfkHTHTd8VFTM5X4rBVXabv7Sr0sKo4HJXtfFbV76tPA== Completed in 1ms
221 http fetch GET 200 https://registry.npmjs.org/@angular%2fcli 38ms (cache hit)
222 timing metavuln:packument:@angular/cli Completed in 48ms
223 timing metavuln:load:security-advisory:@angular/cli:QOiLWUW91ttGunirVTBb4H1yCzzSgBan1koq6ouAtmrfkHTHTd8VFTM5X4rBVXabv7Sr0sKo4HJXtfFbV76tPA== Completed in 29ms
224 http fetch GET 200 https://registry.npmjs.org/npm-pick-manifest 75ms (cache hit)
225 timing metavuln:packument:npm-pick-manifest Completed in 79ms
226 timing metavuln:load:security-advisory:npm-pick-manifest:QOiLWUW91ttGunirVTBb4H1yCzzSgBan1koq6ouAtmrfkHTHTd8VFTM5X4rBVXabv7Sr0sKo4HJXtfFbV76tPA== Completed in 1ms
227 http fetch GET 200 https://registry.npmjs.org/npm-package-arg 81ms (cache hit)
228 timing metavuln:packument:npm-package-arg Completed in 82ms
229 timing metavuln:load:security-advisory:npm-package-arg:QOiLWUW91ttGunirVTBb4H1yCzzSgBan1koq6ouAtmrfkHTHTd8VFTM5X4rBVXabv7Sr0sKo4HJXtfFbV76tPA== Completed in 6ms
230 http fetch GET 200 https://registry.npmjs.org/builtins 91ms (cache hit)
231 timing metavuln:packument:builtins Completed in 91ms
232 timing metavuln:load:security-advisory:builtins:QOiLWUW91ttGunirVTBb4H1yCzzSgBan1koq6ouAtmrfkHTHTd8VFTM5X4rBVXabv7Sr0sKo4HJXtfFbV76tPA== Completed in 1ms
233 http fetch GET 200 https://registry.npmjs.org/@npmcli%2ffs 92ms (cache hit)
234 timing metavuln:packument:@npmcli/fs Completed in 93ms
235 timing metavuln:load:security-advisory:@npmcli/fs:QOiLWUW91ttGunirVTBb4H1yCzzSgBan1koq6ouAtmrfkHTHTd8VFTM5X4rBVXabv7Sr0sKo4HJXtfFbV76tPA== Completed in 0ms
236 http fetch GET 200 https://registry.npmjs.org/npm-install-checks 91ms (cache hit)
237 timing metavuln:packument:npm-install-checks Completed in 92ms
238 timing metavuln:load:security-advisory:npm-install-checks:QOiLWUW91ttGunirVTBb4H1yCzzSgBan1koq6ouAtmrfkHTHTd8VFTM5X4rBVXabv7Sr0sKo4HJXtfFbV76tPA== Completed in 0ms
239 http fetch GET 200 https://registry.npmjs.org/postcss-loader 179ms (cache revalidated)
240 timing metavuln:packument:postcss-loader Completed in 182ms
241 timing metavuln:load:security-advisory:postcss-loader:QOiLWUW91ttGunirVTBb4H1yCzzSgBan1koq6ouAtmrfkHTHTd8VFTM5X4rBVXabv7Sr0sKo4HJXtfFbV76tPA== Completed in 1ms
242 http fetch GET 200 https://registry.npmjs.org/css-loader 185ms (cache revalidated)
243 timing metavuln:packument:css-loader Completed in 186ms
244 timing metavuln:load:security-advisory:css-loader:QOiLWUW91ttGunirVTBb4H1yCzzSgBan1koq6ouAtmrfkHTHTd8VFTM5X4rBVXabv7Sr0sKo4HJXtfFbV76tPA== Completed in 2ms
245 timing metavuln:cache:put:security-advisory:node-gyp:37qIO42Epw/Xtt3fP46JZfrXsyIgh7bsqyS9olR6U9kZtkt03o7ki/Fty1AYg7OX1ALH/D9DbF2vcLswtwcqHQ== Completed in 184ms
246 timing metavuln:calculate:security-advisory:node-gyp:QOiLWUW91ttGunirVTBb4H1yCzzSgBan1koq6ouAtmrfkHTHTd8VFTM5X4rBVXabv7Sr0sKo4HJXtfFbV76tPA== Completed in 212ms
247 timing metavuln:cache:put:security-advisory:@npmcli/git:DNN3BI4UxiooThPFPa2qQhA44pcq4SMhm4RCzL/QMMDbikGLwEB5LIz2Up4jlJ1AUWjKL0zlxYjHSalSpAJNfw== Completed in 182ms
248 timing metavuln:calculate:security-advisory:@npmcli/git:QOiLWUW91ttGunirVTBb4H1yCzzSgBan1koq6ouAtmrfkHTHTd8VFTM5X4rBVXabv7Sr0sKo4HJXtfFbV76tPA== Completed in 213ms
249 timing metavuln:cache:put:security-advisory:normalize-package-data:Jkt0X4Kxxp5F3il9GOt9GDdDT2w6Ou+C7p9xvoXTF6LG1gZe1R8vVA8p6bFY1hQdgkrA/+J9Ih1L9SOmCr0KlQ== Completed in 181ms
250 timing metavuln:calculate:security-advisory:normalize-package-data:QOiLWUW91ttGunirVTBb4H1yCzzSgBan1koq6ouAtmrfkHTHTd8VFTM5X4rBVXabv7Sr0sKo4HJXtfFbV76tPA== Completed in 212ms
251 timing metavuln:cache:put:security-advisory:@angular/cli:u4NhoyylG0vnSGOy2fl1AhkBxTyjIWsgpob10/4/l8MEb5Pf4cQZDgd/D7dALhhjRIXpsZAf+LlMx8N7bn3AXQ== Completed in 137ms
252 timing metavuln:calculate:security-advisory:@angular/cli:QOiLWUW91ttGunirVTBb4H1yCzzSgBan1koq6ouAtmrfkHTHTd8VFTM5X4rBVXabv7Sr0sKo4HJXtfFbV76tPA== Completed in 215ms
253 timing metavuln:cache:put:security-advisory:npm-pick-manifest:xKTSWf1ueCuuES+bhakZNZUqam3Q5KKl4YIuWoVnNNy954w+LuMCj4+OTwJL/hbgfEtzBSjVrWBuaGfGjjZ+1w== Completed in 132ms
254 timing metavuln:calculate:security-advisory:npm-pick-manifest:QOiLWUW91ttGunirVTBb4H1yCzzSgBan1koq6ouAtmrfkHTHTd8VFTM5X4rBVXabv7Sr0sKo4HJXtfFbV76tPA== Completed in 212ms
255 timing metavuln:cache:put:security-advisory:npm-package-arg:VL9ud+jY2epxy+C2YUbYJ8hiGf2Pp8j+EzuZrBbNQ91vozcnLDgOscPJ23/myx7Q49+y1BYoXQXsa93zPWTNqA== Completed in 125ms
256 timing metavuln:calculate:security-advisory:npm-package-arg:QOiLWUW91ttGunirVTBb4H1yCzzSgBan1koq6ouAtmrfkHTHTd8VFTM5X4rBVXabv7Sr0sKo4HJXtfFbV76tPA== Completed in 213ms
257 timing metavuln:cache:put:security-advisory:builtins:vhKjOZfdB/wBXFCOhzlP5ytOT8X6pLf66bTPX6+ryBS95l+swuiheujm+OzSKz7Cd0f/1s37HKdT3Qj5/vY1pQ== Completed in 123ms
258 timing metavuln:calculate:security-advisory:builtins:QOiLWUW91ttGunirVTBb4H1yCzzSgBan1koq6ouAtmrfkHTHTd8VFTM5X4rBVXabv7Sr0sKo4HJXtfFbV76tPA== Completed in 215ms
259 timing metavuln:cache:put:security-advisory:@npmcli/fs:7DIWjN78YOShnz53guDigHPfhFQLOMIiDemg/29Yr43p7a45PNrgEBqc4VLOzPKYIoOguw0lFPlWzJX1hHukDg== Completed in 122ms
260 timing metavuln:calculate:security-advisory:@npmcli/fs:QOiLWUW91ttGunirVTBb4H1yCzzSgBan1koq6ouAtmrfkHTHTd8VFTM5X4rBVXabv7Sr0sKo4HJXtfFbV76tPA== Completed in 215ms
261 timing metavuln:cache:put:security-advisory:npm-install-checks:0OBMPZVHjTn8n81IQF9f93VuVZwYtVQ6T1eguyjTdt9G6nJD75PFLTYvZGX6byu37EoyyKlXcl7k8Rvm//QZhw== Completed in 122ms
262 timing metavuln:calculate:security-advisory:npm-install-checks:QOiLWUW91ttGunirVTBb4H1yCzzSgBan1koq6ouAtmrfkHTHTd8VFTM5X4rBVXabv7Sr0sKo4HJXtfFbV76tPA== Completed in 215ms
263 timing metavuln:cache:put:security-advisory:postcss-loader:llHlyZhiZIXL6i1B+/h8o0kEJBo4eFrN0uiug48chcGj4YnjM9P7WC+KQHv6A+wJ6aJtd3bLdhPhzmuk+15M8g== Completed in 44ms
264 timing metavuln:calculate:security-advisory:postcss-loader:QOiLWUW91ttGunirVTBb4H1yCzzSgBan1koq6ouAtmrfkHTHTd8VFTM5X4rBVXabv7Sr0sKo4HJXtfFbV76tPA== Completed in 227ms
265 timing metavuln:cache:put:security-advisory:css-loader:tFKV9xfJnLVz5nLXVs9v/onoxgHYJA6STHzeS3N7wxKytK9XO/fIL0kmH7fiZKeTBoBY/G3oYQV0Bl5TMvIPoQ== Completed in 40ms
266 timing metavuln:calculate:security-advisory:css-loader:QOiLWUW91ttGunirVTBb4H1yCzzSgBan1koq6ouAtmrfkHTHTd8VFTM5X4rBVXabv7Sr0sKo4HJXtfFbV76tPA== Completed in 229ms
267 http fetch GET 200 https://registry.npmjs.org/@angular%2fcompiler-cli 399ms (cache updated)
268 timing metavuln:packument:@angular/compiler-cli Completed in 406ms
269 timing metavuln:load:security-advisory:@angular/compiler-cli:QOiLWUW91ttGunirVTBb4H1yCzzSgBan1koq6ouAtmrfkHTHTd8VFTM5X4rBVXabv7Sr0sKo4HJXtfFbV76tPA== Completed in 11ms
270 timing metavuln:cache:put:security-advisory:@angular/compiler-cli:nqQjlQGIqWePHWao7Qj/ruIpuSz2NRu0Zxmu6r2NLu7SDGFel32KHrxyDpewfhVEYbtGxo4IcoMFViF9LDKaGw== Completed in 5ms
271 timing metavuln:calculate:security-advisory:@angular/compiler-cli:QOiLWUW91ttGunirVTBb4H1yCzzSgBan1koq6ouAtmrfkHTHTd8VFTM5X4rBVXabv7Sr0sKo4HJXtfFbV76tPA== Completed in 423ms
272 http fetch GET 200 https://registry.npmjs.org/@angular-devkit%2fbuild-angular 889ms (cache updated)
273 timing metavuln:packument:@angular-devkit/build-angular Completed in 908ms
274 timing metavuln:load:security-advisory:@angular-devkit/build-angular:QOiLWUW91ttGunirVTBb4H1yCzzSgBan1koq6ouAtmrfkHTHTd8VFTM5X4rBVXabv7Sr0sKo4HJXtfFbV76tPA== Completed in 19ms
275 timing metavuln:cache:put:security-advisory:@angular-devkit/build-angular:UGEaxzFu5AdzUf548tnlnGJckUNf+8Bvr2x/4Kfv7jXBEB6pgEX0v588sWAdP/sV5gL+6ibQnU0wjSb0myxfEg== Completed in 3ms
276 timing metavuln:calculate:security-advisory:@angular-devkit/build-angular:QOiLWUW91ttGunirVTBb4H1yCzzSgBan1koq6ouAtmrfkHTHTd8VFTM5X4rBVXabv7Sr0sKo4HJXtfFbV76tPA== Completed in 930ms
277 timing metavuln:cache:get:security-advisory:socket.io:WXBK1oRuUxTODKDwwaUYJhWBpVPijB3rcYMvAsmXlozqHR6QUCFk5KdSnHR5BmzrRGl0KC+JsduCE/ZxEhP5cQ== Completed in 1ms
278 http fetch GET 200 https://registry.npmjs.org/socket.io 84ms (cache revalidated)
279 timing metavuln:packument:socket.io Completed in 86ms
280 timing metavuln:load:security-advisory:socket.io:ETnTLHtcFQMCZ+8x2Zf2LcJCdLWOO9UzoHw3FU4kWkSwjDzsQYvJc+StvxCI8pXhRaZ0OxLDIyk+nF73VieVyA== Completed in 0ms
281 timing metavuln:calculate:security-advisory:socket.io:ETnTLHtcFQMCZ+8x2Zf2LcJCdLWOO9UzoHw3FU4kWkSwjDzsQYvJc+StvxCI8pXhRaZ0OxLDIyk+nF73VieVyA== Completed in 86ms
282 timing metavuln:cache:get:security-advisory:socket.io:SWNMDw700kI5nBPXRlst+6Qxt9PqCGRmFSz+VqVxwYdwTP/rcCkshmOCzm/aKXuNGJCcZt2/XXFh7vQg05c0zw== Completed in 1ms
283 timing metavuln:load:security-advisory:socket.io:ATbCUJtqfFbW1d1d62cNLX5Falv/B+axuqldw1ga7JMsuproUC5bJF3GGlUMVCCpVnqtIon3G9Zf9m4gRaS+fw== Completed in 0ms
284 timing metavuln:calculate:security-advisory:socket.io:ATbCUJtqfFbW1d1d62cNLX5Falv/B+axuqldw1ga7JMsuproUC5bJF3GGlUMVCCpVnqtIon3G9Zf9m4gRaS+fw== Completed in 1ms
285 timing auditReport:init Completed in 1755ms
286 timing reify:audit Completed in 2481ms
287 timing reify Completed in 3170ms
288 silly ADD
289 silly ADD
290 silly ADD
291 silly ADD
292 silly ADD
293 silly ADD
294 silly ADD
295 silly ADD
296 silly ADD
297 silly ADD
298 silly ADD
299 silly ADD
300 silly ADD
301 silly ADD
302 silly ADD
303 silly ADD
304 silly ADD
305 silly ADD
306 silly ADD
307 silly ADD
308 silly ADD
309 silly REMOVE node_modules/__ngcc_entry_points__.json
310 timing command:install Completed in 3201ms
311 verbose exit 0
312 timing npm Completed in 3376ms
313 info ok
